2026-03-23 14:38:54,701 | INFO | Starting hyperparameter tuning pipeline
2026-03-23 14:38:54,701 | INFO | Total configurations to try per model: 3
2026-03-23 14:38:54,702 | INFO | 
==================================================
2026-03-23 14:38:54,702 | INFO | MODEL: Vanilla RNN
2026-03-23 14:38:54,702 | INFO | ==================================================
2026-03-23 14:38:54,702 | INFO | 
  Run 1/3
2026-03-23 14:38:54,702 | INFO |   Config: lr=0.001, hidden=128, layers=1, dropout=0.0, batch=64
2026-03-23 14:38:54,839 | INFO | Using device: cuda
2026-03-23 14:38:54,840 | INFO | Loaded the Data
2026-03-23 14:38:54,840 | INFO | Built the Vocabulary
2026-03-23 14:38:54,844 | INFO | Encoded the outputs and the inputs
2026-03-23 14:38:54,847 | INFO | Saved the vocabulary file, with char2idx and idx2char
2026-03-23 14:38:54,857 | INFO | Dataset Split -> Train: 800 | Val: 200 | Batch size: 64
2026-03-23 14:38:54,857 | INFO |   Vocab size: 25 | Batch size: 64
2026-03-23 14:38:58,786 | INFO |   Model: rnn
2026-03-23 14:38:58,786 | INFO |   Hidden size: 128 | Layers: 1 | Dropout: 0.0
2026-03-23 14:38:58,786 | INFO |   Trainable parameters: 29,529
2026-03-23 14:38:59,449 | INFO |   Epoch 1/30 | Train Loss: 2.9117 | Val Loss: 2.5701
2026-03-23 14:38:59,461 | INFO |   Model saved to: models/model_rnn_run1_2026-03-23_14-38-54.pt
2026-03-23 14:38:59,461 | INFO |   Checkpoint saved (val loss improved to 2.5701)
2026-03-23 14:38:59,706 | INFO |   Epoch 2/30 | Train Loss: 2.4032 | Val Loss: 2.2888
2026-03-23 14:38:59,710 | INFO |   Model saved to: models/model_rnn_run1_2026-03-23_14-38-54.pt
2026-03-23 14:38:59,711 | INFO |   Checkpoint saved (val loss improved to 2.2888)
2026-03-23 14:38:59,962 | INFO |   Epoch 3/30 | Train Loss: 2.1991 | Val Loss: 2.1253
2026-03-23 14:38:59,967 | INFO |   Model saved to: models/model_rnn_run1_2026-03-23_14-38-54.pt
2026-03-23 14:38:59,967 | INFO |   Checkpoint saved (val loss improved to 2.1253)
2026-03-23 14:39:00,211 | INFO |   Epoch 4/30 | Train Loss: 2.0573 | Val Loss: 2.0088
2026-03-23 14:39:00,216 | INFO |   Model saved to: models/model_rnn_run1_2026-03-23_14-38-54.pt
2026-03-23 14:39:00,216 | INFO |   Checkpoint saved (val loss improved to 2.0088)
2026-03-23 14:39:00,455 | INFO |   Epoch 5/30 | Train Loss: 1.9582 | Val Loss: 1.9286
2026-03-23 14:39:00,460 | INFO |   Model saved to: models/model_rnn_run1_2026-03-23_14-38-54.pt
2026-03-23 14:39:00,460 | INFO |   Checkpoint saved (val loss improved to 1.9286)
2026-03-23 14:39:00,699 | INFO |   Epoch 6/30 | Train Loss: 1.8856 | Val Loss: 1.8751
2026-03-23 14:39:00,704 | INFO |   Model saved to: models/model_rnn_run1_2026-03-23_14-38-54.pt
2026-03-23 14:39:00,704 | INFO |   Checkpoint saved (val loss improved to 1.8751)
2026-03-23 14:39:00,957 | INFO |   Epoch 7/30 | Train Loss: 1.8344 | Val Loss: 1.8366
2026-03-23 14:39:00,961 | INFO |   Model saved to: models/model_rnn_run1_2026-03-23_14-38-54.pt
2026-03-23 14:39:00,962 | INFO |   Checkpoint saved (val loss improved to 1.8366)
2026-03-23 14:39:01,213 | INFO |   Epoch 8/30 | Train Loss: 1.7843 | Val Loss: 1.7901
2026-03-23 14:39:01,218 | INFO |   Model saved to: models/model_rnn_run1_2026-03-23_14-38-54.pt
2026-03-23 14:39:01,218 | INFO |   Checkpoint saved (val loss improved to 1.7901)
2026-03-23 14:39:01,478 | INFO |   Epoch 9/30 | Train Loss: 1.7418 | Val Loss: 1.7587
2026-03-23 14:39:01,483 | INFO |   Model saved to: models/model_rnn_run1_2026-03-23_14-38-54.pt
2026-03-23 14:39:01,483 | INFO |   Checkpoint saved (val loss improved to 1.7587)
2026-03-23 14:39:01,740 | INFO |   Epoch 10/30 | Train Loss: 1.7072 | Val Loss: 1.7327
2026-03-23 14:39:01,746 | INFO |   Model saved to: models/model_rnn_run1_2026-03-23_14-38-54.pt
2026-03-23 14:39:01,746 | INFO |   Checkpoint saved (val loss improved to 1.7327)
2026-03-23 14:39:01,999 | INFO |   Epoch 11/30 | Train Loss: 1.6801 | Val Loss: 1.6904
2026-03-23 14:39:02,004 | INFO |   Model saved to: models/model_rnn_run1_2026-03-23_14-38-54.pt
2026-03-23 14:39:02,005 | INFO |   Checkpoint saved (val loss improved to 1.6904)
2026-03-23 14:39:02,257 | INFO |   Epoch 12/30 | Train Loss: 1.6441 | Val Loss: 1.6719
2026-03-23 14:39:02,262 | INFO |   Model saved to: models/model_rnn_run1_2026-03-23_14-38-54.pt
2026-03-23 14:39:02,262 | INFO |   Checkpoint saved (val loss improved to 1.6719)
2026-03-23 14:39:02,508 | INFO |   Epoch 13/30 | Train Loss: 1.6137 | Val Loss: 1.6481
2026-03-23 14:39:02,513 | INFO |   Model saved to: models/model_rnn_run1_2026-03-23_14-38-54.pt
2026-03-23 14:39:02,514 | INFO |   Checkpoint saved (val loss improved to 1.6481)
2026-03-23 14:39:02,781 | INFO |   Epoch 14/30 | Train Loss: 1.5897 | Val Loss: 1.6173
2026-03-23 14:39:02,787 | INFO |   Model saved to: models/model_rnn_run1_2026-03-23_14-38-54.pt
2026-03-23 14:39:02,787 | INFO |   Checkpoint saved (val loss improved to 1.6173)
2026-03-23 14:39:03,039 | INFO |   Epoch 15/30 | Train Loss: 1.5559 | Val Loss: 1.5886
2026-03-23 14:39:03,044 | INFO |   Model saved to: models/model_rnn_run1_2026-03-23_14-38-54.pt
2026-03-23 14:39:03,044 | INFO |   Checkpoint saved (val loss improved to 1.5886)
2026-03-23 14:39:03,299 | INFO |   Epoch 16/30 | Train Loss: 1.5259 | Val Loss: 1.5617
2026-03-23 14:39:03,304 | INFO |   Model saved to: models/model_rnn_run1_2026-03-23_14-38-54.pt
2026-03-23 14:39:03,305 | INFO |   Checkpoint saved (val loss improved to 1.5617)
2026-03-23 14:39:03,558 | INFO |   Epoch 17/30 | Train Loss: 1.4991 | Val Loss: 1.5430
2026-03-23 14:39:03,563 | INFO |   Model saved to: models/model_rnn_run1_2026-03-23_14-38-54.pt
2026-03-23 14:39:03,563 | INFO |   Checkpoint saved (val loss improved to 1.5430)
2026-03-23 14:39:03,809 | INFO |   Epoch 18/30 | Train Loss: 1.4756 | Val Loss: 1.5087
2026-03-23 14:39:03,814 | INFO |   Model saved to: models/model_rnn_run1_2026-03-23_14-38-54.pt
2026-03-23 14:39:03,814 | INFO |   Checkpoint saved (val loss improved to 1.5087)
2026-03-23 14:39:04,059 | INFO |   Epoch 19/30 | Train Loss: 1.4480 | Val Loss: 1.4905
2026-03-23 14:39:04,064 | INFO |   Model saved to: models/model_rnn_run1_2026-03-23_14-38-54.pt
2026-03-23 14:39:04,065 | INFO |   Checkpoint saved (val loss improved to 1.4905)
2026-03-23 14:39:04,307 | INFO |   Epoch 20/30 | Train Loss: 1.4181 | Val Loss: 1.4672
2026-03-23 14:39:04,312 | INFO |   Model saved to: models/model_rnn_run1_2026-03-23_14-38-54.pt
2026-03-23 14:39:04,312 | INFO |   Checkpoint saved (val loss improved to 1.4672)
2026-03-23 14:39:04,557 | INFO |   Epoch 21/30 | Train Loss: 1.3954 | Val Loss: 1.4427
2026-03-23 14:39:04,562 | INFO |   Model saved to: models/model_rnn_run1_2026-03-23_14-38-54.pt
2026-03-23 14:39:04,562 | INFO |   Checkpoint saved (val loss improved to 1.4427)
2026-03-23 14:39:04,802 | INFO |   Epoch 22/30 | Train Loss: 1.3715 | Val Loss: 1.4212
2026-03-23 14:39:04,807 | INFO |   Model saved to: models/model_rnn_run1_2026-03-23_14-38-54.pt
2026-03-23 14:39:04,807 | INFO |   Checkpoint saved (val loss improved to 1.4212)
2026-03-23 14:39:05,056 | INFO |   Epoch 23/30 | Train Loss: 1.3578 | Val Loss: 1.4011
2026-03-23 14:39:05,060 | INFO |   Model saved to: models/model_rnn_run1_2026-03-23_14-38-54.pt
2026-03-23 14:39:05,061 | INFO |   Checkpoint saved (val loss improved to 1.4011)
2026-03-23 14:39:05,304 | INFO |   Epoch 24/30 | Train Loss: 1.3294 | Val Loss: 1.3871
2026-03-23 14:39:05,308 | INFO |   Model saved to: models/model_rnn_run1_2026-03-23_14-38-54.pt
2026-03-23 14:39:05,309 | INFO |   Checkpoint saved (val loss improved to 1.3871)
2026-03-23 14:39:05,548 | INFO |   Epoch 25/30 | Train Loss: 1.3045 | Val Loss: 1.3698
2026-03-23 14:39:05,554 | INFO |   Model saved to: models/model_rnn_run1_2026-03-23_14-38-54.pt
2026-03-23 14:39:05,554 | INFO |   Checkpoint saved (val loss improved to 1.3698)
2026-03-23 14:39:05,790 | INFO |   Epoch 26/30 | Train Loss: 1.2804 | Val Loss: 1.3458
2026-03-23 14:39:05,796 | INFO |   Model saved to: models/model_rnn_run1_2026-03-23_14-38-54.pt
2026-03-23 14:39:05,796 | INFO |   Checkpoint saved (val loss improved to 1.3458)
2026-03-23 14:39:06,035 | INFO |   Epoch 27/30 | Train Loss: 1.2606 | Val Loss: 1.3283
2026-03-23 14:39:06,041 | INFO |   Model saved to: models/model_rnn_run1_2026-03-23_14-38-54.pt
2026-03-23 14:39:06,041 | INFO |   Checkpoint saved (val loss improved to 1.3283)
2026-03-23 14:39:06,282 | INFO |   Epoch 28/30 | Train Loss: 1.2434 | Val Loss: 1.3189
2026-03-23 14:39:06,287 | INFO |   Model saved to: models/model_rnn_run1_2026-03-23_14-38-54.pt
2026-03-23 14:39:06,288 | INFO |   Checkpoint saved (val loss improved to 1.3189)
2026-03-23 14:39:06,528 | INFO |   Epoch 29/30 | Train Loss: 1.2273 | Val Loss: 1.2980
2026-03-23 14:39:06,534 | INFO |   Model saved to: models/model_rnn_run1_2026-03-23_14-38-54.pt
2026-03-23 14:39:06,534 | INFO |   Checkpoint saved (val loss improved to 1.2980)
2026-03-23 14:39:06,776 | INFO |   Epoch 30/30 | Train Loss: 1.2082 | Val Loss: 1.2822
2026-03-23 14:39:06,781 | INFO |   Model saved to: models/model_rnn_run1_2026-03-23_14-38-54.pt
2026-03-23 14:39:06,781 | INFO |   Checkpoint saved (val loss improved to 1.2822)
2026-03-23 14:39:06,781 | INFO |   Training complete — best val loss: 1.2822
2026-03-23 14:39:06,782 | INFO |   Run 1 done — final loss: 1.2822 | lr=0.001, hidden=128, layers=1, dropout=0.0, batch=64
2026-03-23 14:39:06,782 | INFO |   *** New best for Vanilla RNN: loss 1.2822 ***
2026-03-23 14:39:06,782 | INFO | 
  Run 2/3
2026-03-23 14:39:06,782 | INFO |   Config: lr=0.0005, hidden=256, layers=2, dropout=0.3, batch=32
2026-03-23 14:39:06,782 | INFO | Using device: cuda
2026-03-23 14:39:06,783 | INFO | Loaded the Data
2026-03-23 14:39:06,784 | INFO | Built the Vocabulary
2026-03-23 14:39:06,788 | INFO | Encoded the outputs and the inputs
2026-03-23 14:39:06,788 | INFO | Saved the vocabulary file, with char2idx and idx2char
2026-03-23 14:39:06,789 | INFO | Dataset Split -> Train: 800 | Val: 200 | Batch size: 32
2026-03-23 14:39:06,789 | INFO |   Vocab size: 25 | Batch size: 32
2026-03-23 14:39:06,796 | INFO |   Model: rnn
2026-03-23 14:39:06,797 | INFO |   Hidden size: 256 | Layers: 2 | Dropout: 0.3
2026-03-23 14:39:06,797 | INFO |   Trainable parameters: 221,529
2026-03-23 14:39:07,570 | INFO |   Epoch 1/30 | Train Loss: 2.8300 | Val Loss: 2.4231
2026-03-23 14:39:07,587 | INFO |   Model saved to: models/model_rnn_run2_2026-03-23_14-38-54.pt
2026-03-23 14:39:07,588 | INFO |   Checkpoint saved (val loss improved to 2.4231)
2026-03-23 14:39:08,301 | INFO |   Epoch 2/30 | Train Loss: 2.2650 | Val Loss: 2.0937
2026-03-23 14:39:08,316 | INFO |   Model saved to: models/model_rnn_run2_2026-03-23_14-38-54.pt
2026-03-23 14:39:08,316 | INFO |   Checkpoint saved (val loss improved to 2.0937)
2026-03-23 14:39:09,024 | INFO |   Epoch 3/30 | Train Loss: 2.0423 | Val Loss: 1.9503
2026-03-23 14:39:09,037 | INFO |   Model saved to: models/model_rnn_run2_2026-03-23_14-38-54.pt
2026-03-23 14:39:09,037 | INFO |   Checkpoint saved (val loss improved to 1.9503)
2026-03-23 14:39:09,726 | INFO |   Epoch 4/30 | Train Loss: 1.9271 | Val Loss: 1.8851
2026-03-23 14:39:09,739 | INFO |   Model saved to: models/model_rnn_run2_2026-03-23_14-38-54.pt
2026-03-23 14:39:09,739 | INFO |   Checkpoint saved (val loss improved to 1.8851)
2026-03-23 14:39:10,412 | INFO |   Epoch 5/30 | Train Loss: 1.8541 | Val Loss: 1.8026
2026-03-23 14:39:10,426 | INFO |   Model saved to: models/model_rnn_run2_2026-03-23_14-38-54.pt
2026-03-23 14:39:10,426 | INFO |   Checkpoint saved (val loss improved to 1.8026)
2026-03-23 14:39:11,132 | INFO |   Epoch 6/30 | Train Loss: 1.7921 | Val Loss: 1.7745
2026-03-23 14:39:11,145 | INFO |   Model saved to: models/model_rnn_run2_2026-03-23_14-38-54.pt
2026-03-23 14:39:11,145 | INFO |   Checkpoint saved (val loss improved to 1.7745)
2026-03-23 14:39:11,828 | INFO |   Epoch 7/30 | Train Loss: 1.7368 | Val Loss: 1.7355
2026-03-23 14:39:11,840 | INFO |   Model saved to: models/model_rnn_run2_2026-03-23_14-38-54.pt
2026-03-23 14:39:11,841 | INFO |   Checkpoint saved (val loss improved to 1.7355)
2026-03-23 14:39:12,542 | INFO |   Epoch 8/30 | Train Loss: 1.6870 | Val Loss: 1.6778
2026-03-23 14:39:12,555 | INFO |   Model saved to: models/model_rnn_run2_2026-03-23_14-38-54.pt
2026-03-23 14:39:12,555 | INFO |   Checkpoint saved (val loss improved to 1.6778)
2026-03-23 14:39:13,245 | INFO |   Epoch 9/30 | Train Loss: 1.6405 | Val Loss: 1.6374
2026-03-23 14:39:13,258 | INFO |   Model saved to: models/model_rnn_run2_2026-03-23_14-38-54.pt
2026-03-23 14:39:13,258 | INFO |   Checkpoint saved (val loss improved to 1.6374)
2026-03-23 14:39:13,970 | INFO |   Epoch 10/30 | Train Loss: 1.5965 | Val Loss: 1.6100
2026-03-23 14:39:13,983 | INFO |   Model saved to: models/model_rnn_run2_2026-03-23_14-38-54.pt
2026-03-23 14:39:13,984 | INFO |   Checkpoint saved (val loss improved to 1.6100)
2026-03-23 14:39:14,679 | INFO |   Epoch 11/30 | Train Loss: 1.5518 | Val Loss: 1.5658
2026-03-23 14:39:14,692 | INFO |   Model saved to: models/model_rnn_run2_2026-03-23_14-38-54.pt
2026-03-23 14:39:14,692 | INFO |   Checkpoint saved (val loss improved to 1.5658)
2026-03-23 14:39:15,381 | INFO |   Epoch 12/30 | Train Loss: 1.5114 | Val Loss: 1.5252
2026-03-23 14:39:15,395 | INFO |   Model saved to: models/model_rnn_run2_2026-03-23_14-38-54.pt
2026-03-23 14:39:15,395 | INFO |   Checkpoint saved (val loss improved to 1.5252)
2026-03-23 14:39:16,090 | INFO |   Epoch 13/30 | Train Loss: 1.4684 | Val Loss: 1.5007
2026-03-23 14:39:16,105 | INFO |   Model saved to: models/model_rnn_run2_2026-03-23_14-38-54.pt
2026-03-23 14:39:16,105 | INFO |   Checkpoint saved (val loss improved to 1.5007)
2026-03-23 14:39:16,803 | INFO |   Epoch 14/30 | Train Loss: 1.4262 | Val Loss: 1.4501
2026-03-23 14:39:16,816 | INFO |   Model saved to: models/model_rnn_run2_2026-03-23_14-38-54.pt
2026-03-23 14:39:16,817 | INFO |   Checkpoint saved (val loss improved to 1.4501)
2026-03-23 14:39:17,511 | INFO |   Epoch 15/30 | Train Loss: 1.3883 | Val Loss: 1.4124
2026-03-23 14:39:17,525 | INFO |   Model saved to: models/model_rnn_run2_2026-03-23_14-38-54.pt
2026-03-23 14:39:17,525 | INFO |   Checkpoint saved (val loss improved to 1.4124)
2026-03-23 14:39:18,223 | INFO |   Epoch 16/30 | Train Loss: 1.3561 | Val Loss: 1.3925
2026-03-23 14:39:18,236 | INFO |   Model saved to: models/model_rnn_run2_2026-03-23_14-38-54.pt
2026-03-23 14:39:18,237 | INFO |   Checkpoint saved (val loss improved to 1.3925)
2026-03-23 14:39:18,920 | INFO |   Epoch 17/30 | Train Loss: 1.3249 | Val Loss: 1.3655
2026-03-23 14:39:18,935 | INFO |   Model saved to: models/model_rnn_run2_2026-03-23_14-38-54.pt
2026-03-23 14:39:18,935 | INFO |   Checkpoint saved (val loss improved to 1.3655)
2026-03-23 14:39:19,624 | INFO |   Epoch 18/30 | Train Loss: 1.2905 | Val Loss: 1.3277
2026-03-23 14:39:19,638 | INFO |   Model saved to: models/model_rnn_run2_2026-03-23_14-38-54.pt
2026-03-23 14:39:19,638 | INFO |   Checkpoint saved (val loss improved to 1.3277)
2026-03-23 14:39:20,323 | INFO |   Epoch 19/30 | Train Loss: 1.2595 | Val Loss: 1.3070
2026-03-23 14:39:20,337 | INFO |   Model saved to: models/model_rnn_run2_2026-03-23_14-38-54.pt
2026-03-23 14:39:20,337 | INFO |   Checkpoint saved (val loss improved to 1.3070)
2026-03-23 14:39:21,032 | INFO |   Epoch 20/30 | Train Loss: 1.2284 | Val Loss: 1.2768
2026-03-23 14:39:21,044 | INFO |   Model saved to: models/model_rnn_run2_2026-03-23_14-38-54.pt
2026-03-23 14:39:21,044 | INFO |   Checkpoint saved (val loss improved to 1.2768)
2026-03-23 14:39:21,727 | INFO |   Epoch 21/30 | Train Loss: 1.2006 | Val Loss: 1.2544
2026-03-23 14:39:21,741 | INFO |   Model saved to: models/model_rnn_run2_2026-03-23_14-38-54.pt
2026-03-23 14:39:21,741 | INFO |   Checkpoint saved (val loss improved to 1.2544)
2026-03-23 14:39:22,422 | INFO |   Epoch 22/30 | Train Loss: 1.1716 | Val Loss: 1.2235
2026-03-23 14:39:22,436 | INFO |   Model saved to: models/model_rnn_run2_2026-03-23_14-38-54.pt
2026-03-23 14:39:22,436 | INFO |   Checkpoint saved (val loss improved to 1.2235)
2026-03-23 14:39:23,115 | INFO |   Epoch 23/30 | Train Loss: 1.1451 | Val Loss: 1.2012
2026-03-23 14:39:23,129 | INFO |   Model saved to: models/model_rnn_run2_2026-03-23_14-38-54.pt
2026-03-23 14:39:23,130 | INFO |   Checkpoint saved (val loss improved to 1.2012)
2026-03-23 14:39:23,791 | INFO |   Epoch 24/30 | Train Loss: 1.1205 | Val Loss: 1.1845
2026-03-23 14:39:23,806 | INFO |   Model saved to: models/model_rnn_run2_2026-03-23_14-38-54.pt
2026-03-23 14:39:23,806 | INFO |   Checkpoint saved (val loss improved to 1.1845)
2026-03-23 14:39:24,471 | INFO |   Epoch 25/30 | Train Loss: 1.0991 | Val Loss: 1.1647
2026-03-23 14:39:24,484 | INFO |   Model saved to: models/model_rnn_run2_2026-03-23_14-38-54.pt
2026-03-23 14:39:24,484 | INFO |   Checkpoint saved (val loss improved to 1.1647)
2026-03-23 14:39:25,174 | INFO |   Epoch 26/30 | Train Loss: 1.0784 | Val Loss: 1.1402
2026-03-23 14:39:25,189 | INFO |   Model saved to: models/model_rnn_run2_2026-03-23_14-38-54.pt
2026-03-23 14:39:25,189 | INFO |   Checkpoint saved (val loss improved to 1.1402)
2026-03-23 14:39:25,880 | INFO |   Epoch 27/30 | Train Loss: 1.0610 | Val Loss: 1.1224
2026-03-23 14:39:25,896 | INFO |   Model saved to: models/model_rnn_run2_2026-03-23_14-38-54.pt
2026-03-23 14:39:25,896 | INFO |   Checkpoint saved (val loss improved to 1.1224)
2026-03-23 14:39:26,578 | INFO |   Epoch 28/30 | Train Loss: 1.0388 | Val Loss: 1.1082
2026-03-23 14:39:26,591 | INFO |   Model saved to: models/model_rnn_run2_2026-03-23_14-38-54.pt
2026-03-23 14:39:26,591 | INFO |   Checkpoint saved (val loss improved to 1.1082)
2026-03-23 14:39:27,298 | INFO |   Epoch 29/30 | Train Loss: 1.0162 | Val Loss: 1.0916
2026-03-23 14:39:27,311 | INFO |   Model saved to: models/model_rnn_run2_2026-03-23_14-38-54.pt
2026-03-23 14:39:27,311 | INFO |   Checkpoint saved (val loss improved to 1.0916)
2026-03-23 14:39:28,025 | INFO |   Epoch 30/30 | Train Loss: 1.0018 | Val Loss: 1.0667
2026-03-23 14:39:28,040 | INFO |   Model saved to: models/model_rnn_run2_2026-03-23_14-38-54.pt
2026-03-23 14:39:28,040 | INFO |   Checkpoint saved (val loss improved to 1.0667)
2026-03-23 14:39:28,040 | INFO |   Training complete — best val loss: 1.0667
2026-03-23 14:39:28,041 | INFO |   Run 2 done — final loss: 1.0667 | lr=0.0005, hidden=256, layers=2, dropout=0.3, batch=32
2026-03-23 14:39:28,041 | INFO |   *** New best for Vanilla RNN: loss 1.0667 ***
2026-03-23 14:39:28,041 | INFO | 
  Run 3/3
2026-03-23 14:39:28,041 | INFO |   Config: lr=0.002, hidden=128, layers=2, dropout=0.2, batch=128
2026-03-23 14:39:28,042 | INFO | Using device: cuda
2026-03-23 14:39:28,043 | INFO | Loaded the Data
2026-03-23 14:39:28,043 | INFO | Built the Vocabulary
2026-03-23 14:39:28,046 | INFO | Encoded the outputs and the inputs
2026-03-23 14:39:28,047 | INFO | Saved the vocabulary file, with char2idx and idx2char
2026-03-23 14:39:28,048 | INFO | Dataset Split -> Train: 800 | Val: 200 | Batch size: 128
2026-03-23 14:39:28,048 | INFO |   Vocab size: 25 | Batch size: 128
2026-03-23 14:39:28,051 | INFO |   Model: rnn
2026-03-23 14:39:28,051 | INFO |   Hidden size: 128 | Layers: 2 | Dropout: 0.2
2026-03-23 14:39:28,051 | INFO |   Trainable parameters: 62,425
2026-03-23 14:39:28,269 | INFO |   Epoch 1/30 | Train Loss: 3.0312 | Val Loss: 2.7520
2026-03-23 14:39:28,280 | INFO |   Model saved to: models/model_rnn_run3_2026-03-23_14-38-54.pt
2026-03-23 14:39:28,280 | INFO |   Checkpoint saved (val loss improved to 2.7520)
2026-03-23 14:39:28,484 | INFO |   Epoch 2/30 | Train Loss: 2.5718 | Val Loss: 2.4411
2026-03-23 14:39:28,493 | INFO |   Model saved to: models/model_rnn_run3_2026-03-23_14-38-54.pt
2026-03-23 14:39:28,494 | INFO |   Checkpoint saved (val loss improved to 2.4411)
2026-03-23 14:39:28,751 | INFO |   Epoch 3/30 | Train Loss: 2.3256 | Val Loss: 2.2905
2026-03-23 14:39:28,759 | INFO |   Model saved to: models/model_rnn_run3_2026-03-23_14-38-54.pt
2026-03-23 14:39:28,759 | INFO |   Checkpoint saved (val loss improved to 2.2905)
2026-03-23 14:39:28,971 | INFO |   Epoch 4/30 | Train Loss: 2.1969 | Val Loss: 2.1681
2026-03-23 14:39:28,978 | INFO |   Model saved to: models/model_rnn_run3_2026-03-23_14-38-54.pt
2026-03-23 14:39:28,978 | INFO |   Checkpoint saved (val loss improved to 2.1681)
2026-03-23 14:39:29,188 | INFO |   Epoch 5/30 | Train Loss: 2.0899 | Val Loss: 2.0718
2026-03-23 14:39:29,195 | INFO |   Model saved to: models/model_rnn_run3_2026-03-23_14-38-54.pt
2026-03-23 14:39:29,196 | INFO |   Checkpoint saved (val loss improved to 2.0718)
2026-03-23 14:39:29,405 | INFO |   Epoch 6/30 | Train Loss: 2.0012 | Val Loss: 1.9868
2026-03-23 14:39:29,412 | INFO |   Model saved to: models/model_rnn_run3_2026-03-23_14-38-54.pt
2026-03-23 14:39:29,413 | INFO |   Checkpoint saved (val loss improved to 1.9868)
2026-03-23 14:39:29,620 | INFO |   Epoch 7/30 | Train Loss: 1.9108 | Val Loss: 1.9289
2026-03-23 14:39:29,628 | INFO |   Model saved to: models/model_rnn_run3_2026-03-23_14-38-54.pt
2026-03-23 14:39:29,628 | INFO |   Checkpoint saved (val loss improved to 1.9289)
2026-03-23 14:39:29,835 | INFO |   Epoch 8/30 | Train Loss: 1.8591 | Val Loss: 1.8931
2026-03-23 14:39:29,842 | INFO |   Model saved to: models/model_rnn_run3_2026-03-23_14-38-54.pt
2026-03-23 14:39:29,843 | INFO |   Checkpoint saved (val loss improved to 1.8931)
2026-03-23 14:39:30,047 | INFO |   Epoch 9/30 | Train Loss: 1.7937 | Val Loss: 1.8426
2026-03-23 14:39:30,053 | INFO |   Model saved to: models/model_rnn_run3_2026-03-23_14-38-54.pt
2026-03-23 14:39:30,054 | INFO |   Checkpoint saved (val loss improved to 1.8426)
2026-03-23 14:39:30,257 | INFO |   Epoch 10/30 | Train Loss: 1.7671 | Val Loss: 1.8097
2026-03-23 14:39:30,264 | INFO |   Model saved to: models/model_rnn_run3_2026-03-23_14-38-54.pt
2026-03-23 14:39:30,264 | INFO |   Checkpoint saved (val loss improved to 1.8097)
2026-03-23 14:39:30,469 | INFO |   Epoch 11/30 | Train Loss: 1.7140 | Val Loss: 1.7497
2026-03-23 14:39:30,476 | INFO |   Model saved to: models/model_rnn_run3_2026-03-23_14-38-54.pt
2026-03-23 14:39:30,476 | INFO |   Checkpoint saved (val loss improved to 1.7497)
2026-03-23 14:39:30,694 | INFO |   Epoch 12/30 | Train Loss: 1.6700 | Val Loss: 1.7152
2026-03-23 14:39:30,702 | INFO |   Model saved to: models/model_rnn_run3_2026-03-23_14-38-54.pt
2026-03-23 14:39:30,702 | INFO |   Checkpoint saved (val loss improved to 1.7152)
2026-03-23 14:39:30,911 | INFO |   Epoch 13/30 | Train Loss: 1.6344 | Val Loss: 1.6793
2026-03-23 14:39:30,918 | INFO |   Model saved to: models/model_rnn_run3_2026-03-23_14-38-54.pt
2026-03-23 14:39:30,918 | INFO |   Checkpoint saved (val loss improved to 1.6793)
2026-03-23 14:39:31,127 | INFO |   Epoch 14/30 | Train Loss: 1.5906 | Val Loss: 1.6573
2026-03-23 14:39:31,134 | INFO |   Model saved to: models/model_rnn_run3_2026-03-23_14-38-54.pt
2026-03-23 14:39:31,134 | INFO |   Checkpoint saved (val loss improved to 1.6573)
2026-03-23 14:39:31,344 | INFO |   Epoch 15/30 | Train Loss: 1.5631 | Val Loss: 1.6232
2026-03-23 14:39:31,351 | INFO |   Model saved to: models/model_rnn_run3_2026-03-23_14-38-54.pt
2026-03-23 14:39:31,351 | INFO |   Checkpoint saved (val loss improved to 1.6232)
2026-03-23 14:39:31,554 | INFO |   Epoch 16/30 | Train Loss: 1.5368 | Val Loss: 1.5852
2026-03-23 14:39:31,562 | INFO |   Model saved to: models/model_rnn_run3_2026-03-23_14-38-54.pt
2026-03-23 14:39:31,562 | INFO |   Checkpoint saved (val loss improved to 1.5852)
2026-03-23 14:39:31,780 | INFO |   Epoch 17/30 | Train Loss: 1.5018 | Val Loss: 1.5646
2026-03-23 14:39:31,788 | INFO |   Model saved to: models/model_rnn_run3_2026-03-23_14-38-54.pt
2026-03-23 14:39:31,788 | INFO |   Checkpoint saved (val loss improved to 1.5646)
2026-03-23 14:39:32,012 | INFO |   Epoch 18/30 | Train Loss: 1.4587 | Val Loss: 1.5272
2026-03-23 14:39:32,019 | INFO |   Model saved to: models/model_rnn_run3_2026-03-23_14-38-54.pt
2026-03-23 14:39:32,019 | INFO |   Checkpoint saved (val loss improved to 1.5272)
2026-03-23 14:39:32,245 | INFO |   Epoch 19/30 | Train Loss: 1.4272 | Val Loss: 1.5072
2026-03-23 14:39:32,252 | INFO |   Model saved to: models/model_rnn_run3_2026-03-23_14-38-54.pt
2026-03-23 14:39:32,253 | INFO |   Checkpoint saved (val loss improved to 1.5072)
2026-03-23 14:39:32,463 | INFO |   Epoch 20/30 | Train Loss: 1.3889 | Val Loss: 1.4933
2026-03-23 14:39:32,471 | INFO |   Model saved to: models/model_rnn_run3_2026-03-23_14-38-54.pt
2026-03-23 14:39:32,471 | INFO |   Checkpoint saved (val loss improved to 1.4933)
2026-03-23 14:39:32,686 | INFO |   Epoch 21/30 | Train Loss: 1.3804 | Val Loss: 1.4621
2026-03-23 14:39:32,693 | INFO |   Model saved to: models/model_rnn_run3_2026-03-23_14-38-54.pt
2026-03-23 14:39:32,694 | INFO |   Checkpoint saved (val loss improved to 1.4621)
2026-03-23 14:39:32,892 | INFO |   Epoch 22/30 | Train Loss: 1.3382 | Val Loss: 1.4366
2026-03-23 14:39:32,899 | INFO |   Model saved to: models/model_rnn_run3_2026-03-23_14-38-54.pt
2026-03-23 14:39:32,899 | INFO |   Checkpoint saved (val loss improved to 1.4366)
2026-03-23 14:39:33,109 | INFO |   Epoch 23/30 | Train Loss: 1.3170 | Val Loss: 1.4159
2026-03-23 14:39:33,117 | INFO |   Model saved to: models/model_rnn_run3_2026-03-23_14-38-54.pt
2026-03-23 14:39:33,117 | INFO |   Checkpoint saved (val loss improved to 1.4159)
2026-03-23 14:39:33,324 | INFO |   Epoch 24/30 | Train Loss: 1.2843 | Val Loss: 1.3916
2026-03-23 14:39:33,331 | INFO |   Model saved to: models/model_rnn_run3_2026-03-23_14-38-54.pt
2026-03-23 14:39:33,331 | INFO |   Checkpoint saved (val loss improved to 1.3916)
2026-03-23 14:39:33,537 | INFO |   Epoch 25/30 | Train Loss: 1.2794 | Val Loss: 1.3844
2026-03-23 14:39:33,544 | INFO |   Model saved to: models/model_rnn_run3_2026-03-23_14-38-54.pt
2026-03-23 14:39:33,544 | INFO |   Checkpoint saved (val loss improved to 1.3844)
2026-03-23 14:39:33,755 | INFO |   Epoch 26/30 | Train Loss: 1.2373 | Val Loss: 1.3570
2026-03-23 14:39:33,763 | INFO |   Model saved to: models/model_rnn_run3_2026-03-23_14-38-54.pt
2026-03-23 14:39:33,763 | INFO |   Checkpoint saved (val loss improved to 1.3570)
2026-03-23 14:39:33,981 | INFO |   Epoch 27/30 | Train Loss: 1.2145 | Val Loss: 1.3340
2026-03-23 14:39:33,988 | INFO |   Model saved to: models/model_rnn_run3_2026-03-23_14-38-54.pt
2026-03-23 14:39:33,988 | INFO |   Checkpoint saved (val loss improved to 1.3340)
2026-03-23 14:39:34,199 | INFO |   Epoch 28/30 | Train Loss: 1.1935 | Val Loss: 1.3197
2026-03-23 14:39:34,206 | INFO |   Model saved to: models/model_rnn_run3_2026-03-23_14-38-54.pt
2026-03-23 14:39:34,206 | INFO |   Checkpoint saved (val loss improved to 1.3197)
2026-03-23 14:39:34,413 | INFO |   Epoch 29/30 | Train Loss: 1.1640 | Val Loss: 1.2965
2026-03-23 14:39:34,420 | INFO |   Model saved to: models/model_rnn_run3_2026-03-23_14-38-54.pt
2026-03-23 14:39:34,420 | INFO |   Checkpoint saved (val loss improved to 1.2965)
2026-03-23 14:39:34,627 | INFO |   Epoch 30/30 | Train Loss: 1.1415 | Val Loss: 1.2837
2026-03-23 14:39:34,634 | INFO |   Model saved to: models/model_rnn_run3_2026-03-23_14-38-54.pt
2026-03-23 14:39:34,635 | INFO |   Checkpoint saved (val loss improved to 1.2837)
2026-03-23 14:39:34,635 | INFO |   Training complete — best val loss: 1.2837
2026-03-23 14:39:34,636 | INFO |   Run 3 done — final loss: 1.2837 | lr=0.002, hidden=128, layers=2, dropout=0.2, batch=128
2026-03-23 14:39:34,636 | INFO | 
  Best config for Vanilla RNN: lr=0.0005, hidden=256, layers=2, dropout=0.3, batch=32
2026-03-23 14:39:34,636 | INFO |   Best loss: 1.0667
2026-03-23 14:39:34,636 | INFO |   Running evaluation on best checkpoint...
2026-03-23 14:39:46,808 | INFO | Generated names: 1000
2026-03-23 14:39:46,809 | INFO | Unique names: 941
2026-03-23 14:39:46,809 | INFO | Novelty Rate: 1.0000
2026-03-23 14:39:46,809 | INFO | Diversity: 0.9410
2026-03-23 14:39:46,809 | INFO | Sample generated names:
2026-03-23 14:39:46,810 | INFO | praneshiteshankshi
2026-03-23 14:39:46,810 | INFO | areshit
2026-03-23 14:39:46,810 | INFO | kananitelititishan
2026-03-23 14:39:46,810 | INFO | praniteshaneshit
2026-03-23 14:39:46,810 | INFO | raneshaneshanegesh
2026-03-23 14:39:46,811 | INFO | sanitegwteshitesha
2026-03-23 14:39:46,811 | INFO | shikshanshaneshank
2026-03-23 14:39:46,811 | INFO | aneshangiteshites
2026-03-23 14:39:46,811 | INFO | sakshaneshitebhani
2026-03-23 14:39:46,811 | INFO | shabhikshabhikswte
2026-03-23 14:39:46,812 | INFO | 
--------------------------------------

2026-03-23 14:39:46,812 | INFO |   Evaluation results for Vanilla RNN (best config):
2026-03-23 14:39:46,812 | INFO |     (1.0, 0.941)
2026-03-23 14:39:46,813 | INFO | 
--------------------------------------

2026-03-23 14:39:46,813 | INFO | 
==================================================
2026-03-23 14:39:46,813 | INFO | MODEL: BiLSTM
2026-03-23 14:39:46,814 | INFO | ==================================================
2026-03-23 14:39:46,814 | INFO | 
  Run 1/3
2026-03-23 14:39:46,814 | INFO |   Config: lr=0.001, hidden=128, layers=1, dropout=0.0, batch=64
2026-03-23 14:39:46,814 | INFO | Using device: cuda
2026-03-23 14:39:46,816 | INFO | Loaded the Data
2026-03-23 14:39:46,817 | INFO | Built the Vocabulary
2026-03-23 14:39:46,822 | INFO | Encoded the outputs and the inputs
2026-03-23 14:39:46,823 | INFO | Saved the vocabulary file, with char2idx and idx2char
2026-03-23 14:39:46,824 | INFO | Dataset Split -> Train: 800 | Val: 200 | Batch size: 64
2026-03-23 14:39:46,824 | INFO |   Vocab size: 25 | Batch size: 64
2026-03-23 14:39:46,835 | INFO |   Model: blstm
2026-03-23 14:39:46,836 | INFO |   Hidden size: 128 | Layers: 1 | Dropout: 0.0
2026-03-23 14:39:46,836 | INFO |   Trainable parameters: 205,657
2026-03-23 14:39:47,865 | INFO |   Epoch 1/30 | Train Loss: 3.0019 | Val Loss: 2.5642
2026-03-23 14:39:47,884 | INFO |   Model saved to: models/model_blstm_run1_2026-03-23_14-38-54.pt
2026-03-23 14:39:47,885 | INFO |   Checkpoint saved (val loss improved to 2.5642)
2026-03-23 14:39:48,865 | INFO |   Epoch 2/30 | Train Loss: 2.3093 | Val Loss: 2.1017
2026-03-23 14:39:48,882 | INFO |   Model saved to: models/model_blstm_run1_2026-03-23_14-38-54.pt
2026-03-23 14:39:48,882 | INFO |   Checkpoint saved (val loss improved to 2.1017)
2026-03-23 14:39:49,867 | INFO |   Epoch 3/30 | Train Loss: 1.8683 | Val Loss: 1.6833
2026-03-23 14:39:49,884 | INFO |   Model saved to: models/model_blstm_run1_2026-03-23_14-38-54.pt
2026-03-23 14:39:49,884 | INFO |   Checkpoint saved (val loss improved to 1.6833)
2026-03-23 14:39:50,843 | INFO |   Epoch 4/30 | Train Loss: 1.4835 | Val Loss: 1.3275
2026-03-23 14:39:50,859 | INFO |   Model saved to: models/model_blstm_run1_2026-03-23_14-38-54.pt
2026-03-23 14:39:50,860 | INFO |   Checkpoint saved (val loss improved to 1.3275)
2026-03-23 14:39:51,829 | INFO |   Epoch 5/30 | Train Loss: 1.1612 | Val Loss: 1.0226
2026-03-23 14:39:51,849 | INFO |   Model saved to: models/model_blstm_run1_2026-03-23_14-38-54.pt
2026-03-23 14:39:51,850 | INFO |   Checkpoint saved (val loss improved to 1.0226)
2026-03-23 14:39:52,836 | INFO |   Epoch 6/30 | Train Loss: 0.8744 | Val Loss: 0.7578
2026-03-23 14:39:52,852 | INFO |   Model saved to: models/model_blstm_run1_2026-03-23_14-38-54.pt
2026-03-23 14:39:52,852 | INFO |   Checkpoint saved (val loss improved to 0.7578)
2026-03-23 14:39:53,799 | INFO |   Epoch 7/30 | Train Loss: 0.6347 | Val Loss: 0.5528
2026-03-23 14:39:53,815 | INFO |   Model saved to: models/model_blstm_run1_2026-03-23_14-38-54.pt
2026-03-23 14:39:53,815 | INFO |   Checkpoint saved (val loss improved to 0.5528)
2026-03-23 14:39:54,763 | INFO |   Epoch 8/30 | Train Loss: 0.4495 | Val Loss: 0.3986
2026-03-23 14:39:54,778 | INFO |   Model saved to: models/model_blstm_run1_2026-03-23_14-38-54.pt
2026-03-23 14:39:54,779 | INFO |   Checkpoint saved (val loss improved to 0.3986)
2026-03-23 14:39:55,729 | INFO |   Epoch 9/30 | Train Loss: 0.3209 | Val Loss: 0.2915
2026-03-23 14:39:55,745 | INFO |   Model saved to: models/model_blstm_run1_2026-03-23_14-38-54.pt
2026-03-23 14:39:55,745 | INFO |   Checkpoint saved (val loss improved to 0.2915)
2026-03-23 14:39:56,676 | INFO |   Epoch 10/30 | Train Loss: 0.2334 | Val Loss: 0.2182
2026-03-23 14:39:56,691 | INFO |   Model saved to: models/model_blstm_run1_2026-03-23_14-38-54.pt
2026-03-23 14:39:56,691 | INFO |   Checkpoint saved (val loss improved to 0.2182)
2026-03-23 14:39:57,620 | INFO |   Epoch 11/30 | Train Loss: 0.1723 | Val Loss: 0.1676
2026-03-23 14:39:57,635 | INFO |   Model saved to: models/model_blstm_run1_2026-03-23_14-38-54.pt
2026-03-23 14:39:57,636 | INFO |   Checkpoint saved (val loss improved to 0.1676)
2026-03-23 14:39:58,564 | INFO |   Epoch 12/30 | Train Loss: 0.1308 | Val Loss: 0.1307
2026-03-23 14:39:58,580 | INFO |   Model saved to: models/model_blstm_run1_2026-03-23_14-38-54.pt
2026-03-23 14:39:58,580 | INFO |   Checkpoint saved (val loss improved to 0.1307)
2026-03-23 14:39:59,512 | INFO |   Epoch 13/30 | Train Loss: 0.1015 | Val Loss: 0.1043
2026-03-23 14:39:59,528 | INFO |   Model saved to: models/model_blstm_run1_2026-03-23_14-38-54.pt
2026-03-23 14:39:59,528 | INFO |   Checkpoint saved (val loss improved to 0.1043)
2026-03-23 14:40:00,464 | INFO |   Epoch 14/30 | Train Loss: 0.0800 | Val Loss: 0.0844
2026-03-23 14:40:00,480 | INFO |   Model saved to: models/model_blstm_run1_2026-03-23_14-38-54.pt
2026-03-23 14:40:00,480 | INFO |   Checkpoint saved (val loss improved to 0.0844)
2026-03-23 14:40:01,427 | INFO |   Epoch 15/30 | Train Loss: 0.0648 | Val Loss: 0.0702
2026-03-23 14:40:01,442 | INFO |   Model saved to: models/model_blstm_run1_2026-03-23_14-38-54.pt
2026-03-23 14:40:01,442 | INFO |   Checkpoint saved (val loss improved to 0.0702)
2026-03-23 14:40:02,376 | INFO |   Epoch 16/30 | Train Loss: 0.0531 | Val Loss: 0.0591
2026-03-23 14:40:02,391 | INFO |   Model saved to: models/model_blstm_run1_2026-03-23_14-38-54.pt
2026-03-23 14:40:02,391 | INFO |   Checkpoint saved (val loss improved to 0.0591)
2026-03-23 14:40:03,340 | INFO |   Epoch 17/30 | Train Loss: 0.0445 | Val Loss: 0.0504
2026-03-23 14:40:03,357 | INFO |   Model saved to: models/model_blstm_run1_2026-03-23_14-38-54.pt
2026-03-23 14:40:03,357 | INFO |   Checkpoint saved (val loss improved to 0.0504)
2026-03-23 14:40:04,297 | INFO |   Epoch 18/30 | Train Loss: 0.0379 | Val Loss: 0.0438
2026-03-23 14:40:04,314 | INFO |   Model saved to: models/model_blstm_run1_2026-03-23_14-38-54.pt
2026-03-23 14:40:04,314 | INFO |   Checkpoint saved (val loss improved to 0.0438)
2026-03-23 14:40:05,257 | INFO |   Epoch 19/30 | Train Loss: 0.0327 | Val Loss: 0.0386
2026-03-23 14:40:05,273 | INFO |   Model saved to: models/model_blstm_run1_2026-03-23_14-38-54.pt
2026-03-23 14:40:05,273 | INFO |   Checkpoint saved (val loss improved to 0.0386)
2026-03-23 14:40:06,219 | INFO |   Epoch 20/30 | Train Loss: 0.0289 | Val Loss: 0.0341
2026-03-23 14:40:06,235 | INFO |   Model saved to: models/model_blstm_run1_2026-03-23_14-38-54.pt
2026-03-23 14:40:06,235 | INFO |   Checkpoint saved (val loss improved to 0.0341)
2026-03-23 14:40:07,179 | INFO |   Epoch 21/30 | Train Loss: 0.0257 | Val Loss: 0.0304
2026-03-23 14:40:07,195 | INFO |   Model saved to: models/model_blstm_run1_2026-03-23_14-38-54.pt
2026-03-23 14:40:07,195 | INFO |   Checkpoint saved (val loss improved to 0.0304)
2026-03-23 14:40:08,135 | INFO |   Epoch 22/30 | Train Loss: 0.0225 | Val Loss: 0.0272
2026-03-23 14:40:08,150 | INFO |   Model saved to: models/model_blstm_run1_2026-03-23_14-38-54.pt
2026-03-23 14:40:08,151 | INFO |   Checkpoint saved (val loss improved to 0.0272)
2026-03-23 14:40:09,087 | INFO |   Epoch 23/30 | Train Loss: 0.0202 | Val Loss: 0.0246
2026-03-23 14:40:09,102 | INFO |   Model saved to: models/model_blstm_run1_2026-03-23_14-38-54.pt
2026-03-23 14:40:09,102 | INFO |   Checkpoint saved (val loss improved to 0.0246)
2026-03-23 14:40:10,050 | INFO |   Epoch 24/30 | Train Loss: 0.0181 | Val Loss: 0.0224
2026-03-23 14:40:10,065 | INFO |   Model saved to: models/model_blstm_run1_2026-03-23_14-38-54.pt
2026-03-23 14:40:10,065 | INFO |   Checkpoint saved (val loss improved to 0.0224)
2026-03-23 14:40:10,997 | INFO |   Epoch 25/30 | Train Loss: 0.0164 | Val Loss: 0.0206
2026-03-23 14:40:11,015 | INFO |   Model saved to: models/model_blstm_run1_2026-03-23_14-38-54.pt
2026-03-23 14:40:11,015 | INFO |   Checkpoint saved (val loss improved to 0.0206)
2026-03-23 14:40:11,957 | INFO |   Epoch 26/30 | Train Loss: 0.0149 | Val Loss: 0.0191
2026-03-23 14:40:11,973 | INFO |   Model saved to: models/model_blstm_run1_2026-03-23_14-38-54.pt
2026-03-23 14:40:11,973 | INFO |   Checkpoint saved (val loss improved to 0.0191)
2026-03-23 14:40:12,926 | INFO |   Epoch 27/30 | Train Loss: 0.0137 | Val Loss: 0.0177
2026-03-23 14:40:12,943 | INFO |   Model saved to: models/model_blstm_run1_2026-03-23_14-38-54.pt
2026-03-23 14:40:12,943 | INFO |   Checkpoint saved (val loss improved to 0.0177)
2026-03-23 14:40:13,880 | INFO |   Epoch 28/30 | Train Loss: 0.0126 | Val Loss: 0.0164
2026-03-23 14:40:13,896 | INFO |   Model saved to: models/model_blstm_run1_2026-03-23_14-38-54.pt
2026-03-23 14:40:13,896 | INFO |   Checkpoint saved (val loss improved to 0.0164)
2026-03-23 14:40:14,851 | INFO |   Epoch 29/30 | Train Loss: 0.0117 | Val Loss: 0.0153
2026-03-23 14:40:14,867 | INFO |   Model saved to: models/model_blstm_run1_2026-03-23_14-38-54.pt
2026-03-23 14:40:14,867 | INFO |   Checkpoint saved (val loss improved to 0.0153)
2026-03-23 14:40:15,808 | INFO |   Epoch 30/30 | Train Loss: 0.0109 | Val Loss: 0.0144
2026-03-23 14:40:15,824 | INFO |   Model saved to: models/model_blstm_run1_2026-03-23_14-38-54.pt
2026-03-23 14:40:15,824 | INFO |   Checkpoint saved (val loss improved to 0.0144)
2026-03-23 14:40:15,824 | INFO |   Training complete — best val loss: 0.0144
2026-03-23 14:40:15,826 | INFO |   Run 1 done — final loss: 0.0144 | lr=0.001, hidden=128, layers=1, dropout=0.0, batch=64
2026-03-23 14:40:15,826 | INFO |   *** New best for BiLSTM: loss 0.0144 ***
2026-03-23 14:40:15,826 | INFO | 
  Run 2/3
2026-03-23 14:40:15,826 | INFO |   Config: lr=0.0005, hidden=256, layers=2, dropout=0.3, batch=32
2026-03-23 14:40:15,826 | INFO | Using device: cuda
2026-03-23 14:40:15,828 | INFO | Loaded the Data
2026-03-23 14:40:15,828 | INFO | Built the Vocabulary
2026-03-23 14:40:15,835 | INFO | Encoded the outputs and the inputs
2026-03-23 14:40:15,836 | INFO | Saved the vocabulary file, with char2idx and idx2char
2026-03-23 14:40:15,836 | INFO | Dataset Split -> Train: 800 | Val: 200 | Batch size: 32
2026-03-23 14:40:15,836 | INFO |   Vocab size: 25 | Batch size: 32
2026-03-23 14:40:15,894 | INFO |   Model: blstm
2026-03-23 14:40:15,895 | INFO |   Hidden size: 256 | Layers: 2 | Dropout: 0.3
2026-03-23 14:40:15,895 | INFO |   Trainable parameters: 2,246,745
2026-03-23 14:40:19,578 | INFO |   Epoch 1/30 | Train Loss: 2.8200 | Val Loss: 2.4566
2026-03-23 14:40:19,678 | INFO |   Model saved to: models/model_blstm_run2_2026-03-23_14-38-54.pt
2026-03-23 14:40:19,678 | INFO |   Checkpoint saved (val loss improved to 2.4566)
2026-03-23 14:40:23,330 | INFO |   Epoch 2/30 | Train Loss: 2.2109 | Val Loss: 1.9438
2026-03-23 14:40:23,430 | INFO |   Model saved to: models/model_blstm_run2_2026-03-23_14-38-54.pt
2026-03-23 14:40:23,430 | INFO |   Checkpoint saved (val loss improved to 1.9438)
2026-03-23 14:40:27,080 | INFO |   Epoch 3/30 | Train Loss: 1.6340 | Val Loss: 1.3360
2026-03-23 14:40:27,176 | INFO |   Model saved to: models/model_blstm_run2_2026-03-23_14-38-54.pt
2026-03-23 14:40:27,176 | INFO |   Checkpoint saved (val loss improved to 1.3360)
2026-03-23 14:40:30,802 | INFO |   Epoch 4/30 | Train Loss: 1.0390 | Val Loss: 0.7687
2026-03-23 14:40:30,906 | INFO |   Model saved to: models/model_blstm_run2_2026-03-23_14-38-54.pt
2026-03-23 14:40:30,906 | INFO |   Checkpoint saved (val loss improved to 0.7687)
2026-03-23 14:40:34,678 | INFO |   Epoch 5/30 | Train Loss: 0.5643 | Val Loss: 0.3798
2026-03-23 14:40:34,782 | INFO |   Model saved to: models/model_blstm_run2_2026-03-23_14-38-54.pt
2026-03-23 14:40:34,783 | INFO |   Checkpoint saved (val loss improved to 0.3798)
2026-03-23 14:40:38,416 | INFO |   Epoch 6/30 | Train Loss: 0.2657 | Val Loss: 0.1702
2026-03-23 14:40:38,523 | INFO |   Model saved to: models/model_blstm_run2_2026-03-23_14-38-54.pt
2026-03-23 14:40:38,523 | INFO |   Checkpoint saved (val loss improved to 0.1702)
2026-03-23 14:40:42,239 | INFO |   Epoch 7/30 | Train Loss: 0.1213 | Val Loss: 0.0826
2026-03-23 14:40:42,347 | INFO |   Model saved to: models/model_blstm_run2_2026-03-23_14-38-54.pt
2026-03-23 14:40:42,348 | INFO |   Checkpoint saved (val loss improved to 0.0826)
2026-03-23 14:40:46,052 | INFO |   Epoch 8/30 | Train Loss: 0.0624 | Val Loss: 0.0461
2026-03-23 14:40:46,170 | INFO |   Model saved to: models/model_blstm_run2_2026-03-23_14-38-54.pt
2026-03-23 14:40:46,171 | INFO |   Checkpoint saved (val loss improved to 0.0461)
2026-03-23 14:40:49,772 | INFO |   Epoch 9/30 | Train Loss: 0.0368 | Val Loss: 0.0289
2026-03-23 14:40:49,875 | INFO |   Model saved to: models/model_blstm_run2_2026-03-23_14-38-54.pt
2026-03-23 14:40:49,875 | INFO |   Checkpoint saved (val loss improved to 0.0289)
2026-03-23 14:40:53,593 | INFO |   Epoch 10/30 | Train Loss: 0.0247 | Val Loss: 0.0204
2026-03-23 14:40:53,697 | INFO |   Model saved to: models/model_blstm_run2_2026-03-23_14-38-54.pt
2026-03-23 14:40:53,697 | INFO |   Checkpoint saved (val loss improved to 0.0204)
2026-03-23 14:40:57,418 | INFO |   Epoch 11/30 | Train Loss: 0.0175 | Val Loss: 0.0151
2026-03-23 14:40:57,523 | INFO |   Model saved to: models/model_blstm_run2_2026-03-23_14-38-54.pt
2026-03-23 14:40:57,524 | INFO |   Checkpoint saved (val loss improved to 0.0151)
2026-03-23 14:41:01,174 | INFO |   Epoch 12/30 | Train Loss: 0.0133 | Val Loss: 0.0120
2026-03-23 14:41:01,278 | INFO |   Model saved to: models/model_blstm_run2_2026-03-23_14-38-54.pt
2026-03-23 14:41:01,278 | INFO |   Checkpoint saved (val loss improved to 0.0120)
2026-03-23 14:41:05,031 | INFO |   Epoch 13/30 | Train Loss: 0.0106 | Val Loss: 0.0096
2026-03-23 14:41:05,139 | INFO |   Model saved to: models/model_blstm_run2_2026-03-23_14-38-54.pt
2026-03-23 14:41:05,139 | INFO |   Checkpoint saved (val loss improved to 0.0096)
2026-03-23 14:41:08,765 | INFO |   Epoch 14/30 | Train Loss: 0.0085 | Val Loss: 0.0078
2026-03-23 14:41:08,874 | INFO |   Model saved to: models/model_blstm_run2_2026-03-23_14-38-54.pt
2026-03-23 14:41:08,875 | INFO |   Checkpoint saved (val loss improved to 0.0078)
2026-03-23 14:41:12,515 | INFO |   Epoch 15/30 | Train Loss: 0.0071 | Val Loss: 0.0069
2026-03-23 14:41:12,632 | INFO |   Model saved to: models/model_blstm_run2_2026-03-23_14-38-54.pt
2026-03-23 14:41:12,632 | INFO |   Checkpoint saved (val loss improved to 0.0069)
2026-03-23 14:41:16,349 | INFO |   Epoch 16/30 | Train Loss: 0.0060 | Val Loss: 0.0060
2026-03-23 14:41:16,453 | INFO |   Model saved to: models/model_blstm_run2_2026-03-23_14-38-54.pt
2026-03-23 14:41:16,453 | INFO |   Checkpoint saved (val loss improved to 0.0060)
2026-03-23 14:41:20,108 | INFO |   Epoch 17/30 | Train Loss: 0.0053 | Val Loss: 0.0051
2026-03-23 14:41:20,218 | INFO |   Model saved to: models/model_blstm_run2_2026-03-23_14-38-54.pt
2026-03-23 14:41:20,218 | INFO |   Checkpoint saved (val loss improved to 0.0051)
2026-03-23 14:41:23,826 | INFO |   Epoch 18/30 | Train Loss: 0.0045 | Val Loss: 0.0045
2026-03-23 14:41:23,933 | INFO |   Model saved to: models/model_blstm_run2_2026-03-23_14-38-54.pt
2026-03-23 14:41:23,934 | INFO |   Checkpoint saved (val loss improved to 0.0045)
2026-03-23 14:41:27,509 | INFO |   Epoch 19/30 | Train Loss: 0.0041 | Val Loss: 0.0039
2026-03-23 14:41:27,629 | INFO |   Model saved to: models/model_blstm_run2_2026-03-23_14-38-54.pt
2026-03-23 14:41:27,629 | INFO |   Checkpoint saved (val loss improved to 0.0039)
2026-03-23 14:41:31,414 | INFO |   Epoch 20/30 | Train Loss: 0.0037 | Val Loss: 0.0035
2026-03-23 14:41:31,519 | INFO |   Model saved to: models/model_blstm_run2_2026-03-23_14-38-54.pt
2026-03-23 14:41:31,519 | INFO |   Checkpoint saved (val loss improved to 0.0035)
2026-03-23 14:41:35,188 | INFO |   Epoch 21/30 | Train Loss: 0.0032 | Val Loss: 0.0033
2026-03-23 14:41:35,310 | INFO |   Model saved to: models/model_blstm_run2_2026-03-23_14-38-54.pt
2026-03-23 14:41:35,310 | INFO |   Checkpoint saved (val loss improved to 0.0033)
2026-03-23 14:41:38,962 | INFO |   Epoch 22/30 | Train Loss: 0.0029 | Val Loss: 0.0030
2026-03-23 14:41:39,065 | INFO |   Model saved to: models/model_blstm_run2_2026-03-23_14-38-54.pt
2026-03-23 14:41:39,065 | INFO |   Checkpoint saved (val loss improved to 0.0030)
2026-03-23 14:41:42,777 | INFO |   Epoch 23/30 | Train Loss: 0.0026 | Val Loss: 0.0027
2026-03-23 14:41:42,887 | INFO |   Model saved to: models/model_blstm_run2_2026-03-23_14-38-54.pt
2026-03-23 14:41:42,887 | INFO |   Checkpoint saved (val loss improved to 0.0027)
2026-03-23 14:41:46,507 | INFO |   Epoch 24/30 | Train Loss: 0.0024 | Val Loss: 0.0025
2026-03-23 14:41:46,615 | INFO |   Model saved to: models/model_blstm_run2_2026-03-23_14-38-54.pt
2026-03-23 14:41:46,616 | INFO |   Checkpoint saved (val loss improved to 0.0025)
2026-03-23 14:41:50,259 | INFO |   Epoch 25/30 | Train Loss: 0.0022 | Val Loss: 0.0023
2026-03-23 14:41:50,369 | INFO |   Model saved to: models/model_blstm_run2_2026-03-23_14-38-54.pt
2026-03-23 14:41:50,369 | INFO |   Checkpoint saved (val loss improved to 0.0023)
2026-03-23 14:41:53,992 | INFO |   Epoch 26/30 | Train Loss: 0.0020 | Val Loss: 0.0022
2026-03-23 14:41:54,102 | INFO |   Model saved to: models/model_blstm_run2_2026-03-23_14-38-54.pt
2026-03-23 14:41:54,102 | INFO |   Checkpoint saved (val loss improved to 0.0022)
2026-03-23 14:41:57,725 | INFO |   Epoch 27/30 | Train Loss: 0.0019 | Val Loss: 0.0019
2026-03-23 14:41:57,831 | INFO |   Model saved to: models/model_blstm_run2_2026-03-23_14-38-54.pt
2026-03-23 14:41:57,831 | INFO |   Checkpoint saved (val loss improved to 0.0019)
2026-03-23 14:42:01,429 | INFO |   Epoch 28/30 | Train Loss: 0.0018 | Val Loss: 0.0018
2026-03-23 14:42:01,533 | INFO |   Model saved to: models/model_blstm_run2_2026-03-23_14-38-54.pt
2026-03-23 14:42:01,533 | INFO |   Checkpoint saved (val loss improved to 0.0018)
2026-03-23 14:42:05,181 | INFO |   Epoch 29/30 | Train Loss: 0.0016 | Val Loss: 0.0017
2026-03-23 14:42:05,285 | INFO |   Model saved to: models/model_blstm_run2_2026-03-23_14-38-54.pt
2026-03-23 14:42:05,285 | INFO |   Checkpoint saved (val loss improved to 0.0017)
2026-03-23 14:42:08,918 | INFO |   Epoch 30/30 | Train Loss: 0.0015 | Val Loss: 0.0016
2026-03-23 14:42:09,027 | INFO |   Model saved to: models/model_blstm_run2_2026-03-23_14-38-54.pt
2026-03-23 14:42:09,027 | INFO |   Checkpoint saved (val loss improved to 0.0016)
2026-03-23 14:42:09,028 | INFO |   Training complete — best val loss: 0.0016
2026-03-23 14:42:09,030 | INFO |   Run 2 done — final loss: 0.0016 | lr=0.0005, hidden=256, layers=2, dropout=0.3, batch=32
2026-03-23 14:42:09,030 | INFO |   *** New best for BiLSTM: loss 0.0016 ***
2026-03-23 14:42:09,030 | INFO | 
  Run 3/3
2026-03-23 14:42:09,030 | INFO |   Config: lr=0.002, hidden=128, layers=2, dropout=0.2, batch=128
2026-03-23 14:42:09,030 | INFO | Using device: cuda
2026-03-23 14:42:09,032 | INFO | Loaded the Data
2026-03-23 14:42:09,033 | INFO | Built the Vocabulary
2026-03-23 14:42:09,037 | INFO | Encoded the outputs and the inputs
2026-03-23 14:42:09,038 | INFO | Saved the vocabulary file, with char2idx and idx2char
2026-03-23 14:42:09,038 | INFO | Dataset Split -> Train: 800 | Val: 200 | Batch size: 128
2026-03-23 14:42:09,039 | INFO |   Vocab size: 25 | Batch size: 128
2026-03-23 14:42:09,052 | INFO |   Model: blstm
2026-03-23 14:42:09,052 | INFO |   Hidden size: 128 | Layers: 2 | Dropout: 0.2
2026-03-23 14:42:09,052 | INFO |   Trainable parameters: 599,897
2026-03-23 14:42:10,074 | INFO |   Epoch 1/30 | Train Loss: 3.0454 | Val Loss: 2.6534
2026-03-23 14:42:10,119 | INFO |   Model saved to: models/model_blstm_run3_2026-03-23_14-38-54.pt
2026-03-23 14:42:10,119 | INFO |   Checkpoint saved (val loss improved to 2.6534)
2026-03-23 14:42:11,131 | INFO |   Epoch 2/30 | Train Loss: 2.5216 | Val Loss: 2.3601
2026-03-23 14:42:11,170 | INFO |   Model saved to: models/model_blstm_run3_2026-03-23_14-38-54.pt
2026-03-23 14:42:11,170 | INFO |   Checkpoint saved (val loss improved to 2.3601)
2026-03-23 14:42:12,188 | INFO |   Epoch 3/30 | Train Loss: 2.2292 | Val Loss: 2.0897
2026-03-23 14:42:12,223 | INFO |   Model saved to: models/model_blstm_run3_2026-03-23_14-38-54.pt
2026-03-23 14:42:12,223 | INFO |   Checkpoint saved (val loss improved to 2.0897)
2026-03-23 14:42:13,250 | INFO |   Epoch 4/30 | Train Loss: 1.9432 | Val Loss: 1.7994
2026-03-23 14:42:13,287 | INFO |   Model saved to: models/model_blstm_run3_2026-03-23_14-38-54.pt
2026-03-23 14:42:13,287 | INFO |   Checkpoint saved (val loss improved to 1.7994)
2026-03-23 14:42:14,308 | INFO |   Epoch 5/30 | Train Loss: 1.6608 | Val Loss: 1.5078
2026-03-23 14:42:14,347 | INFO |   Model saved to: models/model_blstm_run3_2026-03-23_14-38-54.pt
2026-03-23 14:42:14,348 | INFO |   Checkpoint saved (val loss improved to 1.5078)
2026-03-23 14:42:15,360 | INFO |   Epoch 6/30 | Train Loss: 1.3577 | Val Loss: 1.2104
2026-03-23 14:42:15,400 | INFO |   Model saved to: models/model_blstm_run3_2026-03-23_14-38-54.pt
2026-03-23 14:42:15,400 | INFO |   Checkpoint saved (val loss improved to 1.2104)
2026-03-23 14:42:16,418 | INFO |   Epoch 7/30 | Train Loss: 1.0428 | Val Loss: 0.9010
2026-03-23 14:42:16,455 | INFO |   Model saved to: models/model_blstm_run3_2026-03-23_14-38-54.pt
2026-03-23 14:42:16,455 | INFO |   Checkpoint saved (val loss improved to 0.9010)
2026-03-23 14:42:17,479 | INFO |   Epoch 8/30 | Train Loss: 0.7484 | Val Loss: 0.6255
2026-03-23 14:42:17,517 | INFO |   Model saved to: models/model_blstm_run3_2026-03-23_14-38-54.pt
2026-03-23 14:42:17,517 | INFO |   Checkpoint saved (val loss improved to 0.6255)
2026-03-23 14:42:18,584 | INFO |   Epoch 9/30 | Train Loss: 0.4990 | Val Loss: 0.4035
2026-03-23 14:42:18,627 | INFO |   Model saved to: models/model_blstm_run3_2026-03-23_14-38-54.pt
2026-03-23 14:42:18,628 | INFO |   Checkpoint saved (val loss improved to 0.4035)
2026-03-23 14:42:19,672 | INFO |   Epoch 10/30 | Train Loss: 0.3104 | Val Loss: 0.2529
2026-03-23 14:42:19,710 | INFO |   Model saved to: models/model_blstm_run3_2026-03-23_14-38-54.pt
2026-03-23 14:42:19,710 | INFO |   Checkpoint saved (val loss improved to 0.2529)
2026-03-23 14:42:20,767 | INFO |   Epoch 11/30 | Train Loss: 0.1919 | Val Loss: 0.1592
2026-03-23 14:42:20,806 | INFO |   Model saved to: models/model_blstm_run3_2026-03-23_14-38-54.pt
2026-03-23 14:42:20,806 | INFO |   Checkpoint saved (val loss improved to 0.1592)
2026-03-23 14:42:21,821 | INFO |   Epoch 12/30 | Train Loss: 0.1184 | Val Loss: 0.1045
2026-03-23 14:42:21,857 | INFO |   Model saved to: models/model_blstm_run3_2026-03-23_14-38-54.pt
2026-03-23 14:42:21,857 | INFO |   Checkpoint saved (val loss improved to 0.1045)
2026-03-23 14:42:22,898 | INFO |   Epoch 13/30 | Train Loss: 0.0717 | Val Loss: 0.0659
2026-03-23 14:42:22,946 | INFO |   Model saved to: models/model_blstm_run3_2026-03-23_14-38-54.pt
2026-03-23 14:42:22,946 | INFO |   Checkpoint saved (val loss improved to 0.0659)
2026-03-23 14:42:23,964 | INFO |   Epoch 14/30 | Train Loss: 0.0490 | Val Loss: 0.0429
2026-03-23 14:42:24,001 | INFO |   Model saved to: models/model_blstm_run3_2026-03-23_14-38-54.pt
2026-03-23 14:42:24,002 | INFO |   Checkpoint saved (val loss improved to 0.0429)
2026-03-23 14:42:24,999 | INFO |   Epoch 15/30 | Train Loss: 0.0322 | Val Loss: 0.0294
2026-03-23 14:42:25,044 | INFO |   Model saved to: models/model_blstm_run3_2026-03-23_14-38-54.pt
2026-03-23 14:42:25,045 | INFO |   Checkpoint saved (val loss improved to 0.0294)
2026-03-23 14:42:26,057 | INFO |   Epoch 16/30 | Train Loss: 0.0245 | Val Loss: 0.0214
2026-03-23 14:42:26,101 | INFO |   Model saved to: models/model_blstm_run3_2026-03-23_14-38-54.pt
2026-03-23 14:42:26,102 | INFO |   Checkpoint saved (val loss improved to 0.0214)
2026-03-23 14:42:27,124 | INFO |   Epoch 17/30 | Train Loss: 0.0192 | Val Loss: 0.0161
2026-03-23 14:42:27,162 | INFO |   Model saved to: models/model_blstm_run3_2026-03-23_14-38-54.pt
2026-03-23 14:42:27,162 | INFO |   Checkpoint saved (val loss improved to 0.0161)
2026-03-23 14:42:28,198 | INFO |   Epoch 18/30 | Train Loss: 0.0152 | Val Loss: 0.0128
2026-03-23 14:42:28,235 | INFO |   Model saved to: models/model_blstm_run3_2026-03-23_14-38-54.pt
2026-03-23 14:42:28,235 | INFO |   Checkpoint saved (val loss improved to 0.0128)
2026-03-23 14:42:29,269 | INFO |   Epoch 19/30 | Train Loss: 0.0122 | Val Loss: 0.0106
2026-03-23 14:42:29,306 | INFO |   Model saved to: models/model_blstm_run3_2026-03-23_14-38-54.pt
2026-03-23 14:42:29,307 | INFO |   Checkpoint saved (val loss improved to 0.0106)
2026-03-23 14:42:30,353 | INFO |   Epoch 20/30 | Train Loss: 0.0101 | Val Loss: 0.0091
2026-03-23 14:42:30,392 | INFO |   Model saved to: models/model_blstm_run3_2026-03-23_14-38-54.pt
2026-03-23 14:42:30,392 | INFO |   Checkpoint saved (val loss improved to 0.0091)
2026-03-23 14:42:31,412 | INFO |   Epoch 21/30 | Train Loss: 0.0088 | Val Loss: 0.0078
2026-03-23 14:42:31,449 | INFO |   Model saved to: models/model_blstm_run3_2026-03-23_14-38-54.pt
2026-03-23 14:42:31,449 | INFO |   Checkpoint saved (val loss improved to 0.0078)
2026-03-23 14:42:32,474 | INFO |   Epoch 22/30 | Train Loss: 0.0075 | Val Loss: 0.0069
2026-03-23 14:42:32,520 | INFO |   Model saved to: models/model_blstm_run3_2026-03-23_14-38-54.pt
2026-03-23 14:42:32,520 | INFO |   Checkpoint saved (val loss improved to 0.0069)
2026-03-23 14:42:33,533 | INFO |   Epoch 23/30 | Train Loss: 0.0068 | Val Loss: 0.0062
2026-03-23 14:42:33,568 | INFO |   Model saved to: models/model_blstm_run3_2026-03-23_14-38-54.pt
2026-03-23 14:42:33,568 | INFO |   Checkpoint saved (val loss improved to 0.0062)
2026-03-23 14:42:34,570 | INFO |   Epoch 24/30 | Train Loss: 0.0062 | Val Loss: 0.0055
2026-03-23 14:42:34,606 | INFO |   Model saved to: models/model_blstm_run3_2026-03-23_14-38-54.pt
2026-03-23 14:42:34,607 | INFO |   Checkpoint saved (val loss improved to 0.0055)
2026-03-23 14:42:35,601 | INFO |   Epoch 25/30 | Train Loss: 0.0054 | Val Loss: 0.0050
2026-03-23 14:42:35,636 | INFO |   Model saved to: models/model_blstm_run3_2026-03-23_14-38-54.pt
2026-03-23 14:42:35,637 | INFO |   Checkpoint saved (val loss improved to 0.0050)
2026-03-23 14:42:36,627 | INFO |   Epoch 26/30 | Train Loss: 0.0051 | Val Loss: 0.0046
2026-03-23 14:42:36,664 | INFO |   Model saved to: models/model_blstm_run3_2026-03-23_14-38-54.pt
2026-03-23 14:42:36,664 | INFO |   Checkpoint saved (val loss improved to 0.0046)
2026-03-23 14:42:37,670 | INFO |   Epoch 27/30 | Train Loss: 0.0049 | Val Loss: 0.0042
2026-03-23 14:42:37,705 | INFO |   Model saved to: models/model_blstm_run3_2026-03-23_14-38-54.pt
2026-03-23 14:42:37,705 | INFO |   Checkpoint saved (val loss improved to 0.0042)
2026-03-23 14:42:38,704 | INFO |   Epoch 28/30 | Train Loss: 0.0043 | Val Loss: 0.0039
2026-03-23 14:42:38,740 | INFO |   Model saved to: models/model_blstm_run3_2026-03-23_14-38-54.pt
2026-03-23 14:42:38,741 | INFO |   Checkpoint saved (val loss improved to 0.0039)
2026-03-23 14:42:39,741 | INFO |   Epoch 29/30 | Train Loss: 0.0042 | Val Loss: 0.0036
2026-03-23 14:42:39,776 | INFO |   Model saved to: models/model_blstm_run3_2026-03-23_14-38-54.pt
2026-03-23 14:42:39,776 | INFO |   Checkpoint saved (val loss improved to 0.0036)
2026-03-23 14:42:40,778 | INFO |   Epoch 30/30 | Train Loss: 0.0038 | Val Loss: 0.0033
2026-03-23 14:42:40,817 | INFO |   Model saved to: models/model_blstm_run3_2026-03-23_14-38-54.pt
2026-03-23 14:42:40,817 | INFO |   Checkpoint saved (val loss improved to 0.0033)
2026-03-23 14:42:40,817 | INFO |   Training complete — best val loss: 0.0033
2026-03-23 14:42:40,819 | INFO |   Run 3 done — final loss: 0.0033 | lr=0.002, hidden=128, layers=2, dropout=0.2, batch=128
2026-03-23 14:42:40,820 | INFO | 
  Best config for BiLSTM: lr=0.0005, hidden=256, layers=2, dropout=0.3, batch=32
2026-03-23 14:42:40,820 | INFO |   Best loss: 0.0016
2026-03-23 14:42:40,820 | INFO |   Running evaluation on best checkpoint...
2026-03-23 14:43:20,876 | INFO | Generated names: 1000
2026-03-23 14:43:20,877 | INFO | Unique names: 991
2026-03-23 14:43:20,877 | INFO | Novelty Rate: 1.0000
2026-03-23 14:43:20,877 | INFO | Diversity: 0.9910
2026-03-23 14:43:20,878 | INFO | Sample generated names:
2026-03-23 14:43:20,878 | INFO | viikmittalljneshos
2026-03-23 14:43:20,878 | INFO | samwmalnjnngyyysow
2026-03-23 14:43:20,878 | INFO | priivejurakkajepum
2026-03-23 14:43:20,879 | INFO | prralmana
2026-03-23 14:43:20,879 | INFO | anneeedhhhiljeyanu
2026-03-23 14:43:20,879 | INFO | answessohipruurina
2026-03-23 14:43:20,879 | INFO | shralmusomevanniya
2026-03-23 14:43:20,879 | INFO | sannuddanjekmmmrra
2026-03-23 14:43:20,879 | INFO | nibhsoshoogganalal
2026-03-23 14:43:20,880 | INFO | aroobeeeeeekksh
2026-03-23 14:43:20,880 | INFO | 
--------------------------------------

2026-03-23 14:43:20,881 | INFO |   Evaluation results for BiLSTM (best config):
2026-03-23 14:43:20,881 | INFO |     (1.0, 0.991)
2026-03-23 14:43:20,882 | INFO | 
--------------------------------------

2026-03-23 14:43:20,882 | INFO | 
==================================================
2026-03-23 14:43:20,882 | INFO | MODEL: Attention RNN
2026-03-23 14:43:20,882 | INFO | ==================================================
2026-03-23 14:43:20,883 | INFO | 
  Run 1/3
2026-03-23 14:43:20,883 | INFO |   Config: lr=0.001, hidden=128, layers=1, dropout=0.0, batch=64
2026-03-23 14:43:20,883 | INFO | Using device: cuda
2026-03-23 14:43:20,887 | INFO | Loaded the Data
2026-03-23 14:43:20,888 | INFO | Built the Vocabulary
2026-03-23 14:43:20,900 | INFO | Encoded the outputs and the inputs
2026-03-23 14:43:20,902 | INFO | Saved the vocabulary file, with char2idx and idx2char
2026-03-23 14:43:20,903 | INFO | Dataset Split -> Train: 800 | Val: 200 | Batch size: 64
2026-03-23 14:43:20,904 | INFO |   Vocab size: 25 | Batch size: 64
2026-03-23 14:43:20,922 | INFO |   Model: attention
2026-03-23 14:43:20,922 | INFO |   Hidden size: 128 | Layers: 1 | Dropout: 0.0
2026-03-23 14:43:20,923 | INFO |   Trainable parameters: 32,729
2026-03-23 14:43:21,413 | INFO |   Epoch 1/30 | Train Loss: 2.9355 | Val Loss: 2.5371
2026-03-23 14:43:21,419 | INFO |   Model saved to: models/model_attention_run1_2026-03-23_14-38-54.pt
2026-03-23 14:43:21,419 | INFO |   Checkpoint saved (val loss improved to 2.5371)
2026-03-23 14:43:21,863 | INFO |   Epoch 2/30 | Train Loss: 2.3796 | Val Loss: 2.2970
2026-03-23 14:43:21,869 | INFO |   Model saved to: models/model_attention_run1_2026-03-23_14-38-54.pt
2026-03-23 14:43:21,869 | INFO |   Checkpoint saved (val loss improved to 2.2970)
2026-03-23 14:43:22,298 | INFO |   Epoch 3/30 | Train Loss: 2.1907 | Val Loss: 2.1570
2026-03-23 14:43:22,303 | INFO |   Model saved to: models/model_attention_run1_2026-03-23_14-38-54.pt
2026-03-23 14:43:22,303 | INFO |   Checkpoint saved (val loss improved to 2.1570)
2026-03-23 14:43:22,716 | INFO |   Epoch 4/30 | Train Loss: 2.0677 | Val Loss: 2.0674
2026-03-23 14:43:22,722 | INFO |   Model saved to: models/model_attention_run1_2026-03-23_14-38-54.pt
2026-03-23 14:43:22,722 | INFO |   Checkpoint saved (val loss improved to 2.0674)
2026-03-23 14:43:23,138 | INFO |   Epoch 5/30 | Train Loss: 1.9624 | Val Loss: 1.9757
2026-03-23 14:43:23,144 | INFO |   Model saved to: models/model_attention_run1_2026-03-23_14-38-54.pt
2026-03-23 14:43:23,144 | INFO |   Checkpoint saved (val loss improved to 1.9757)
2026-03-23 14:43:23,558 | INFO |   Epoch 6/30 | Train Loss: 1.8853 | Val Loss: 1.9110
2026-03-23 14:43:23,564 | INFO |   Model saved to: models/model_attention_run1_2026-03-23_14-38-54.pt
2026-03-23 14:43:23,564 | INFO |   Checkpoint saved (val loss improved to 1.9110)
2026-03-23 14:43:23,976 | INFO |   Epoch 7/30 | Train Loss: 1.8179 | Val Loss: 1.8698
2026-03-23 14:43:23,981 | INFO |   Model saved to: models/model_attention_run1_2026-03-23_14-38-54.pt
2026-03-23 14:43:23,981 | INFO |   Checkpoint saved (val loss improved to 1.8698)
2026-03-23 14:43:24,402 | INFO |   Epoch 8/30 | Train Loss: 1.7702 | Val Loss: 1.8233
2026-03-23 14:43:24,407 | INFO |   Model saved to: models/model_attention_run1_2026-03-23_14-38-54.pt
2026-03-23 14:43:24,407 | INFO |   Checkpoint saved (val loss improved to 1.8233)
2026-03-23 14:43:24,846 | INFO |   Epoch 9/30 | Train Loss: 1.7310 | Val Loss: 1.7962
2026-03-23 14:43:24,851 | INFO |   Model saved to: models/model_attention_run1_2026-03-23_14-38-54.pt
2026-03-23 14:43:24,851 | INFO |   Checkpoint saved (val loss improved to 1.7962)
2026-03-23 14:43:25,280 | INFO |   Epoch 10/30 | Train Loss: 1.6962 | Val Loss: 1.7632
2026-03-23 14:43:25,285 | INFO |   Model saved to: models/model_attention_run1_2026-03-23_14-38-54.pt
2026-03-23 14:43:25,285 | INFO |   Checkpoint saved (val loss improved to 1.7632)
2026-03-23 14:43:25,697 | INFO |   Epoch 11/30 | Train Loss: 1.6526 | Val Loss: 1.7378
2026-03-23 14:43:25,703 | INFO |   Model saved to: models/model_attention_run1_2026-03-23_14-38-54.pt
2026-03-23 14:43:25,703 | INFO |   Checkpoint saved (val loss improved to 1.7378)
2026-03-23 14:43:26,116 | INFO |   Epoch 12/30 | Train Loss: 1.6225 | Val Loss: 1.7066
2026-03-23 14:43:26,121 | INFO |   Model saved to: models/model_attention_run1_2026-03-23_14-38-54.pt
2026-03-23 14:43:26,122 | INFO |   Checkpoint saved (val loss improved to 1.7066)
2026-03-23 14:43:26,550 | INFO |   Epoch 13/30 | Train Loss: 1.5885 | Val Loss: 1.6760
2026-03-23 14:43:26,555 | INFO |   Model saved to: models/model_attention_run1_2026-03-23_14-38-54.pt
2026-03-23 14:43:26,555 | INFO |   Checkpoint saved (val loss improved to 1.6760)
2026-03-23 14:43:26,986 | INFO |   Epoch 14/30 | Train Loss: 1.5552 | Val Loss: 1.6536
2026-03-23 14:43:26,992 | INFO |   Model saved to: models/model_attention_run1_2026-03-23_14-38-54.pt
2026-03-23 14:43:26,992 | INFO |   Checkpoint saved (val loss improved to 1.6536)
2026-03-23 14:43:27,409 | INFO |   Epoch 15/30 | Train Loss: 1.5263 | Val Loss: 1.6199
2026-03-23 14:43:27,414 | INFO |   Model saved to: models/model_attention_run1_2026-03-23_14-38-54.pt
2026-03-23 14:43:27,415 | INFO |   Checkpoint saved (val loss improved to 1.6199)
2026-03-23 14:43:27,829 | INFO |   Epoch 16/30 | Train Loss: 1.4900 | Val Loss: 1.5959
2026-03-23 14:43:27,834 | INFO |   Model saved to: models/model_attention_run1_2026-03-23_14-38-54.pt
2026-03-23 14:43:27,834 | INFO |   Checkpoint saved (val loss improved to 1.5959)
2026-03-23 14:43:28,250 | INFO |   Epoch 17/30 | Train Loss: 1.4617 | Val Loss: 1.5782
2026-03-23 14:43:28,256 | INFO |   Model saved to: models/model_attention_run1_2026-03-23_14-38-54.pt
2026-03-23 14:43:28,256 | INFO |   Checkpoint saved (val loss improved to 1.5782)
2026-03-23 14:43:28,662 | INFO |   Epoch 18/30 | Train Loss: 1.4341 | Val Loss: 1.5399
2026-03-23 14:43:28,667 | INFO |   Model saved to: models/model_attention_run1_2026-03-23_14-38-54.pt
2026-03-23 14:43:28,667 | INFO |   Checkpoint saved (val loss improved to 1.5399)
2026-03-23 14:43:29,059 | INFO |   Epoch 19/30 | Train Loss: 1.4042 | Val Loss: 1.5257
2026-03-23 14:43:29,064 | INFO |   Model saved to: models/model_attention_run1_2026-03-23_14-38-54.pt
2026-03-23 14:43:29,064 | INFO |   Checkpoint saved (val loss improved to 1.5257)
2026-03-23 14:43:29,454 | INFO |   Epoch 20/30 | Train Loss: 1.3772 | Val Loss: 1.4976
2026-03-23 14:43:29,459 | INFO |   Model saved to: models/model_attention_run1_2026-03-23_14-38-54.pt
2026-03-23 14:43:29,459 | INFO |   Checkpoint saved (val loss improved to 1.4976)
2026-03-23 14:43:29,849 | INFO |   Epoch 21/30 | Train Loss: 1.3513 | Val Loss: 1.4741
2026-03-23 14:43:29,854 | INFO |   Model saved to: models/model_attention_run1_2026-03-23_14-38-54.pt
2026-03-23 14:43:29,854 | INFO |   Checkpoint saved (val loss improved to 1.4741)
2026-03-23 14:43:30,239 | INFO |   Epoch 22/30 | Train Loss: 1.3209 | Val Loss: 1.4558
2026-03-23 14:43:30,244 | INFO |   Model saved to: models/model_attention_run1_2026-03-23_14-38-54.pt
2026-03-23 14:43:30,244 | INFO |   Checkpoint saved (val loss improved to 1.4558)
2026-03-23 14:43:30,631 | INFO |   Epoch 23/30 | Train Loss: 1.3002 | Val Loss: 1.4283
2026-03-23 14:43:30,636 | INFO |   Model saved to: models/model_attention_run1_2026-03-23_14-38-54.pt
2026-03-23 14:43:30,636 | INFO |   Checkpoint saved (val loss improved to 1.4283)
2026-03-23 14:43:31,022 | INFO |   Epoch 24/30 | Train Loss: 1.2620 | Val Loss: 1.4005
2026-03-23 14:43:31,027 | INFO |   Model saved to: models/model_attention_run1_2026-03-23_14-38-54.pt
2026-03-23 14:43:31,027 | INFO |   Checkpoint saved (val loss improved to 1.4005)
2026-03-23 14:43:31,445 | INFO |   Epoch 25/30 | Train Loss: 1.2358 | Val Loss: 1.3921
2026-03-23 14:43:31,451 | INFO |   Model saved to: models/model_attention_run1_2026-03-23_14-38-54.pt
2026-03-23 14:43:31,451 | INFO |   Checkpoint saved (val loss improved to 1.3921)
2026-03-23 14:43:31,871 | INFO |   Epoch 26/30 | Train Loss: 1.2093 | Val Loss: 1.3643
2026-03-23 14:43:31,878 | INFO |   Model saved to: models/model_attention_run1_2026-03-23_14-38-54.pt
2026-03-23 14:43:31,878 | INFO |   Checkpoint saved (val loss improved to 1.3643)
2026-03-23 14:43:32,296 | INFO |   Epoch 27/30 | Train Loss: 1.1914 | Val Loss: 1.3468
2026-03-23 14:43:32,301 | INFO |   Model saved to: models/model_attention_run1_2026-03-23_14-38-54.pt
2026-03-23 14:43:32,302 | INFO |   Checkpoint saved (val loss improved to 1.3468)
2026-03-23 14:43:32,720 | INFO |   Epoch 28/30 | Train Loss: 1.1609 | Val Loss: 1.3252
2026-03-23 14:43:32,725 | INFO |   Model saved to: models/model_attention_run1_2026-03-23_14-38-54.pt
2026-03-23 14:43:32,725 | INFO |   Checkpoint saved (val loss improved to 1.3252)
2026-03-23 14:43:33,145 | INFO |   Epoch 29/30 | Train Loss: 1.1418 | Val Loss: 1.3143
2026-03-23 14:43:33,150 | INFO |   Model saved to: models/model_attention_run1_2026-03-23_14-38-54.pt
2026-03-23 14:43:33,151 | INFO |   Checkpoint saved (val loss improved to 1.3143)
2026-03-23 14:43:33,554 | INFO |   Epoch 30/30 | Train Loss: 1.1205 | Val Loss: 1.2899
2026-03-23 14:43:33,559 | INFO |   Model saved to: models/model_attention_run1_2026-03-23_14-38-54.pt
2026-03-23 14:43:33,560 | INFO |   Checkpoint saved (val loss improved to 1.2899)
2026-03-23 14:43:33,560 | INFO |   Training complete — best val loss: 1.2899
2026-03-23 14:43:33,561 | INFO |   Run 1 done — final loss: 1.2899 | lr=0.001, hidden=128, layers=1, dropout=0.0, batch=64
2026-03-23 14:43:33,561 | INFO |   *** New best for Attention RNN: loss 1.2899 ***
2026-03-23 14:43:33,561 | INFO | 
  Run 2/3
2026-03-23 14:43:33,561 | INFO |   Config: lr=0.0005, hidden=256, layers=2, dropout=0.3, batch=32
2026-03-23 14:43:33,561 | INFO | Using device: cuda
2026-03-23 14:43:33,562 | INFO | Loaded the Data
2026-03-23 14:43:33,563 | INFO | Built the Vocabulary
2026-03-23 14:43:33,567 | INFO | Encoded the outputs and the inputs
2026-03-23 14:43:33,568 | INFO | Saved the vocabulary file, with char2idx and idx2char
2026-03-23 14:43:33,569 | INFO | Dataset Split -> Train: 800 | Val: 200 | Batch size: 32
2026-03-23 14:43:33,569 | INFO |   Vocab size: 25 | Batch size: 32
2026-03-23 14:43:33,574 | INFO |   Model: attention
2026-03-23 14:43:33,575 | INFO |   Hidden size: 256 | Layers: 2 | Dropout: 0.3
2026-03-23 14:43:33,575 | INFO |   Trainable parameters: 227,929
2026-03-23 14:43:34,631 | INFO |   Epoch 1/30 | Train Loss: 2.8047 | Val Loss: 2.4448
2026-03-23 14:43:34,648 | INFO |   Model saved to: models/model_attention_run2_2026-03-23_14-38-54.pt
2026-03-23 14:43:34,648 | INFO |   Checkpoint saved (val loss improved to 2.4448)
2026-03-23 14:43:35,681 | INFO |   Epoch 2/30 | Train Loss: 2.2810 | Val Loss: 2.1185
2026-03-23 14:43:35,696 | INFO |   Model saved to: models/model_attention_run2_2026-03-23_14-38-54.pt
2026-03-23 14:43:35,696 | INFO |   Checkpoint saved (val loss improved to 2.1185)
2026-03-23 14:43:36,719 | INFO |   Epoch 3/30 | Train Loss: 2.0342 | Val Loss: 1.9840
2026-03-23 14:43:36,735 | INFO |   Model saved to: models/model_attention_run2_2026-03-23_14-38-54.pt
2026-03-23 14:43:36,736 | INFO |   Checkpoint saved (val loss improved to 1.9840)
2026-03-23 14:43:37,750 | INFO |   Epoch 4/30 | Train Loss: 1.9381 | Val Loss: 1.8944
2026-03-23 14:43:37,764 | INFO |   Model saved to: models/model_attention_run2_2026-03-23_14-38-54.pt
2026-03-23 14:43:37,764 | INFO |   Checkpoint saved (val loss improved to 1.8944)
2026-03-23 14:43:38,771 | INFO |   Epoch 5/30 | Train Loss: 1.8673 | Val Loss: 1.8337
2026-03-23 14:43:38,787 | INFO |   Model saved to: models/model_attention_run2_2026-03-23_14-38-54.pt
2026-03-23 14:43:38,787 | INFO |   Checkpoint saved (val loss improved to 1.8337)
2026-03-23 14:43:39,802 | INFO |   Epoch 6/30 | Train Loss: 1.8090 | Val Loss: 1.7996
2026-03-23 14:43:39,816 | INFO |   Model saved to: models/model_attention_run2_2026-03-23_14-38-54.pt
2026-03-23 14:43:39,816 | INFO |   Checkpoint saved (val loss improved to 1.7996)
2026-03-23 14:43:40,824 | INFO |   Epoch 7/30 | Train Loss: 1.7665 | Val Loss: 1.7486
2026-03-23 14:43:40,838 | INFO |   Model saved to: models/model_attention_run2_2026-03-23_14-38-54.pt
2026-03-23 14:43:40,838 | INFO |   Checkpoint saved (val loss improved to 1.7486)
2026-03-23 14:43:41,840 | INFO |   Epoch 8/30 | Train Loss: 1.7154 | Val Loss: 1.7126
2026-03-23 14:43:41,854 | INFO |   Model saved to: models/model_attention_run2_2026-03-23_14-38-54.pt
2026-03-23 14:43:41,854 | INFO |   Checkpoint saved (val loss improved to 1.7126)
2026-03-23 14:43:42,838 | INFO |   Epoch 9/30 | Train Loss: 1.6698 | Val Loss: 1.6682
2026-03-23 14:43:42,852 | INFO |   Model saved to: models/model_attention_run2_2026-03-23_14-38-54.pt
2026-03-23 14:43:42,852 | INFO |   Checkpoint saved (val loss improved to 1.6682)
2026-03-23 14:43:43,847 | INFO |   Epoch 10/30 | Train Loss: 1.6212 | Val Loss: 1.6353
2026-03-23 14:43:43,861 | INFO |   Model saved to: models/model_attention_run2_2026-03-23_14-38-54.pt
2026-03-23 14:43:43,861 | INFO |   Checkpoint saved (val loss improved to 1.6353)
2026-03-23 14:43:44,890 | INFO |   Epoch 11/30 | Train Loss: 1.5929 | Val Loss: 1.5994
2026-03-23 14:43:44,904 | INFO |   Model saved to: models/model_attention_run2_2026-03-23_14-38-54.pt
2026-03-23 14:43:44,904 | INFO |   Checkpoint saved (val loss improved to 1.5994)
2026-03-23 14:43:45,917 | INFO |   Epoch 12/30 | Train Loss: 1.5432 | Val Loss: 1.5535
2026-03-23 14:43:45,931 | INFO |   Model saved to: models/model_attention_run2_2026-03-23_14-38-54.pt
2026-03-23 14:43:45,931 | INFO |   Checkpoint saved (val loss improved to 1.5535)
2026-03-23 14:43:46,932 | INFO |   Epoch 13/30 | Train Loss: 1.5045 | Val Loss: 1.5139
2026-03-23 14:43:46,946 | INFO |   Model saved to: models/model_attention_run2_2026-03-23_14-38-54.pt
2026-03-23 14:43:46,946 | INFO |   Checkpoint saved (val loss improved to 1.5139)
2026-03-23 14:43:47,968 | INFO |   Epoch 14/30 | Train Loss: 1.4625 | Val Loss: 1.4772
2026-03-23 14:43:47,982 | INFO |   Model saved to: models/model_attention_run2_2026-03-23_14-38-54.pt
2026-03-23 14:43:47,983 | INFO |   Checkpoint saved (val loss improved to 1.4772)
2026-03-23 14:43:49,045 | INFO |   Epoch 15/30 | Train Loss: 1.4378 | Val Loss: 1.4516
2026-03-23 14:43:49,060 | INFO |   Model saved to: models/model_attention_run2_2026-03-23_14-38-54.pt
2026-03-23 14:43:49,061 | INFO |   Checkpoint saved (val loss improved to 1.4516)
2026-03-23 14:43:50,071 | INFO |   Epoch 16/30 | Train Loss: 1.3981 | Val Loss: 1.4158
2026-03-23 14:43:50,085 | INFO |   Model saved to: models/model_attention_run2_2026-03-23_14-38-54.pt
2026-03-23 14:43:50,085 | INFO |   Checkpoint saved (val loss improved to 1.4158)
2026-03-23 14:43:51,089 | INFO |   Epoch 17/30 | Train Loss: 1.3634 | Val Loss: 1.3884
2026-03-23 14:43:51,105 | INFO |   Model saved to: models/model_attention_run2_2026-03-23_14-38-54.pt
2026-03-23 14:43:51,105 | INFO |   Checkpoint saved (val loss improved to 1.3884)
2026-03-23 14:43:52,116 | INFO |   Epoch 18/30 | Train Loss: 1.3270 | Val Loss: 1.3646
2026-03-23 14:43:52,130 | INFO |   Model saved to: models/model_attention_run2_2026-03-23_14-38-54.pt
2026-03-23 14:43:52,130 | INFO |   Checkpoint saved (val loss improved to 1.3646)
2026-03-23 14:43:53,141 | INFO |   Epoch 19/30 | Train Loss: 1.2947 | Val Loss: 1.3336
2026-03-23 14:43:53,156 | INFO |   Model saved to: models/model_attention_run2_2026-03-23_14-38-54.pt
2026-03-23 14:43:53,156 | INFO |   Checkpoint saved (val loss improved to 1.3336)
2026-03-23 14:43:54,152 | INFO |   Epoch 20/30 | Train Loss: 1.2698 | Val Loss: 1.3096
2026-03-23 14:43:54,166 | INFO |   Model saved to: models/model_attention_run2_2026-03-23_14-38-54.pt
2026-03-23 14:43:54,166 | INFO |   Checkpoint saved (val loss improved to 1.3096)
2026-03-23 14:43:55,151 | INFO |   Epoch 21/30 | Train Loss: 1.2332 | Val Loss: 1.2890
2026-03-23 14:43:55,165 | INFO |   Model saved to: models/model_attention_run2_2026-03-23_14-38-54.pt
2026-03-23 14:43:55,165 | INFO |   Checkpoint saved (val loss improved to 1.2890)
2026-03-23 14:43:56,120 | INFO |   Epoch 22/30 | Train Loss: 1.2005 | Val Loss: 1.2704
2026-03-23 14:43:56,134 | INFO |   Model saved to: models/model_attention_run2_2026-03-23_14-38-54.pt
2026-03-23 14:43:56,134 | INFO |   Checkpoint saved (val loss improved to 1.2704)
2026-03-23 14:43:57,121 | INFO |   Epoch 23/30 | Train Loss: 1.1800 | Val Loss: 1.2422
2026-03-23 14:43:57,134 | INFO |   Model saved to: models/model_attention_run2_2026-03-23_14-38-54.pt
2026-03-23 14:43:57,135 | INFO |   Checkpoint saved (val loss improved to 1.2422)
2026-03-23 14:43:58,159 | INFO |   Epoch 24/30 | Train Loss: 1.1507 | Val Loss: 1.2128
2026-03-23 14:43:58,173 | INFO |   Model saved to: models/model_attention_run2_2026-03-23_14-38-54.pt
2026-03-23 14:43:58,174 | INFO |   Checkpoint saved (val loss improved to 1.2128)
2026-03-23 14:43:59,189 | INFO |   Epoch 25/30 | Train Loss: 1.1239 | Val Loss: 1.1935
2026-03-23 14:43:59,203 | INFO |   Model saved to: models/model_attention_run2_2026-03-23_14-38-54.pt
2026-03-23 14:43:59,203 | INFO |   Checkpoint saved (val loss improved to 1.1935)
2026-03-23 14:44:00,237 | INFO |   Epoch 26/30 | Train Loss: 1.0996 | Val Loss: 1.1797
2026-03-23 14:44:00,252 | INFO |   Model saved to: models/model_attention_run2_2026-03-23_14-38-54.pt
2026-03-23 14:44:00,253 | INFO |   Checkpoint saved (val loss improved to 1.1797)
2026-03-23 14:44:01,272 | INFO |   Epoch 27/30 | Train Loss: 1.0761 | Val Loss: 1.1453
2026-03-23 14:44:01,287 | INFO |   Model saved to: models/model_attention_run2_2026-03-23_14-38-54.pt
2026-03-23 14:44:01,287 | INFO |   Checkpoint saved (val loss improved to 1.1453)
2026-03-23 14:44:02,292 | INFO |   Epoch 28/30 | Train Loss: 1.0537 | Val Loss: 1.1169
2026-03-23 14:44:02,308 | INFO |   Model saved to: models/model_attention_run2_2026-03-23_14-38-54.pt
2026-03-23 14:44:02,308 | INFO |   Checkpoint saved (val loss improved to 1.1169)
2026-03-23 14:44:03,328 | INFO |   Epoch 29/30 | Train Loss: 1.0267 | Val Loss: 1.1161
2026-03-23 14:44:03,341 | INFO |   Model saved to: models/model_attention_run2_2026-03-23_14-38-54.pt
2026-03-23 14:44:03,342 | INFO |   Checkpoint saved (val loss improved to 1.1161)
2026-03-23 14:44:04,343 | INFO |   Epoch 30/30 | Train Loss: 1.0107 | Val Loss: 1.1026
2026-03-23 14:44:04,357 | INFO |   Model saved to: models/model_attention_run2_2026-03-23_14-38-54.pt
2026-03-23 14:44:04,357 | INFO |   Checkpoint saved (val loss improved to 1.1026)
2026-03-23 14:44:04,357 | INFO |   Training complete — best val loss: 1.1026
2026-03-23 14:44:04,358 | INFO |   Run 2 done — final loss: 1.1026 | lr=0.0005, hidden=256, layers=2, dropout=0.3, batch=32
2026-03-23 14:44:04,358 | INFO |   *** New best for Attention RNN: loss 1.1026 ***
2026-03-23 14:44:04,359 | INFO | 
  Run 3/3
2026-03-23 14:44:04,359 | INFO |   Config: lr=0.002, hidden=128, layers=2, dropout=0.2, batch=128
2026-03-23 14:44:04,359 | INFO | Using device: cuda
2026-03-23 14:44:04,360 | INFO | Loaded the Data
2026-03-23 14:44:04,361 | INFO | Built the Vocabulary
2026-03-23 14:44:04,365 | INFO | Encoded the outputs and the inputs
2026-03-23 14:44:04,366 | INFO | Saved the vocabulary file, with char2idx and idx2char
2026-03-23 14:44:04,367 | INFO | Dataset Split -> Train: 800 | Val: 200 | Batch size: 128
2026-03-23 14:44:04,367 | INFO |   Vocab size: 25 | Batch size: 128
2026-03-23 14:44:04,370 | INFO |   Model: attention
2026-03-23 14:44:04,370 | INFO |   Hidden size: 128 | Layers: 2 | Dropout: 0.2
2026-03-23 14:44:04,370 | INFO |   Trainable parameters: 65,625
2026-03-23 14:44:04,687 | INFO |   Epoch 1/30 | Train Loss: 3.0167 | Val Loss: 2.7039
2026-03-23 14:44:04,696 | INFO |   Model saved to: models/model_attention_run3_2026-03-23_14-38-54.pt
2026-03-23 14:44:04,696 | INFO |   Checkpoint saved (val loss improved to 2.7039)
2026-03-23 14:44:05,000 | INFO |   Epoch 2/30 | Train Loss: 2.5597 | Val Loss: 2.4299
2026-03-23 14:44:05,007 | INFO |   Model saved to: models/model_attention_run3_2026-03-23_14-38-54.pt
2026-03-23 14:44:05,007 | INFO |   Checkpoint saved (val loss improved to 2.4299)
2026-03-23 14:44:05,306 | INFO |   Epoch 3/30 | Train Loss: 2.3302 | Val Loss: 2.2759
2026-03-23 14:44:05,314 | INFO |   Model saved to: models/model_attention_run3_2026-03-23_14-38-54.pt
2026-03-23 14:44:05,315 | INFO |   Checkpoint saved (val loss improved to 2.2759)
2026-03-23 14:44:05,615 | INFO |   Epoch 4/30 | Train Loss: 2.1937 | Val Loss: 2.1355
2026-03-23 14:44:05,623 | INFO |   Model saved to: models/model_attention_run3_2026-03-23_14-38-54.pt
2026-03-23 14:44:05,623 | INFO |   Checkpoint saved (val loss improved to 2.1355)
2026-03-23 14:44:05,925 | INFO |   Epoch 5/30 | Train Loss: 2.0684 | Val Loss: 2.0601
2026-03-23 14:44:05,932 | INFO |   Model saved to: models/model_attention_run3_2026-03-23_14-38-54.pt
2026-03-23 14:44:05,932 | INFO |   Checkpoint saved (val loss improved to 2.0601)
2026-03-23 14:44:06,231 | INFO |   Epoch 6/30 | Train Loss: 1.9866 | Val Loss: 1.9645
2026-03-23 14:44:06,239 | INFO |   Model saved to: models/model_attention_run3_2026-03-23_14-38-54.pt
2026-03-23 14:44:06,239 | INFO |   Checkpoint saved (val loss improved to 1.9645)
2026-03-23 14:44:06,538 | INFO |   Epoch 7/30 | Train Loss: 1.8980 | Val Loss: 1.9069
2026-03-23 14:44:06,546 | INFO |   Model saved to: models/model_attention_run3_2026-03-23_14-38-54.pt
2026-03-23 14:44:06,546 | INFO |   Checkpoint saved (val loss improved to 1.9069)
2026-03-23 14:44:06,842 | INFO |   Epoch 8/30 | Train Loss: 1.8642 | Val Loss: 1.8497
2026-03-23 14:44:06,849 | INFO |   Model saved to: models/model_attention_run3_2026-03-23_14-38-54.pt
2026-03-23 14:44:06,849 | INFO |   Checkpoint saved (val loss improved to 1.8497)
2026-03-23 14:44:07,159 | INFO |   Epoch 9/30 | Train Loss: 1.8211 | Val Loss: 1.8055
2026-03-23 14:44:07,167 | INFO |   Model saved to: models/model_attention_run3_2026-03-23_14-38-54.pt
2026-03-23 14:44:07,168 | INFO |   Checkpoint saved (val loss improved to 1.8055)
2026-03-23 14:44:07,465 | INFO |   Epoch 10/30 | Train Loss: 1.7551 | Val Loss: 1.7641
2026-03-23 14:44:07,473 | INFO |   Model saved to: models/model_attention_run3_2026-03-23_14-38-54.pt
2026-03-23 14:44:07,474 | INFO |   Checkpoint saved (val loss improved to 1.7641)
2026-03-23 14:44:07,780 | INFO |   Epoch 11/30 | Train Loss: 1.7212 | Val Loss: 1.7205
2026-03-23 14:44:07,789 | INFO |   Model saved to: models/model_attention_run3_2026-03-23_14-38-54.pt
2026-03-23 14:44:07,789 | INFO |   Checkpoint saved (val loss improved to 1.7205)
2026-03-23 14:44:08,085 | INFO |   Epoch 12/30 | Train Loss: 1.6753 | Val Loss: 1.6891
2026-03-23 14:44:08,092 | INFO |   Model saved to: models/model_attention_run3_2026-03-23_14-38-54.pt
2026-03-23 14:44:08,092 | INFO |   Checkpoint saved (val loss improved to 1.6891)
2026-03-23 14:44:08,377 | INFO |   Epoch 13/30 | Train Loss: 1.6255 | Val Loss: 1.6457
2026-03-23 14:44:08,384 | INFO |   Model saved to: models/model_attention_run3_2026-03-23_14-38-54.pt
2026-03-23 14:44:08,384 | INFO |   Checkpoint saved (val loss improved to 1.6457)
2026-03-23 14:44:08,684 | INFO |   Epoch 14/30 | Train Loss: 1.5871 | Val Loss: 1.6076
2026-03-23 14:44:08,691 | INFO |   Model saved to: models/model_attention_run3_2026-03-23_14-38-54.pt
2026-03-23 14:44:08,692 | INFO |   Checkpoint saved (val loss improved to 1.6076)
2026-03-23 14:44:08,981 | INFO |   Epoch 15/30 | Train Loss: 1.5567 | Val Loss: 1.5726
2026-03-23 14:44:08,988 | INFO |   Model saved to: models/model_attention_run3_2026-03-23_14-38-54.pt
2026-03-23 14:44:08,989 | INFO |   Checkpoint saved (val loss improved to 1.5726)
2026-03-23 14:44:09,279 | INFO |   Epoch 16/30 | Train Loss: 1.5124 | Val Loss: 1.5454
2026-03-23 14:44:09,286 | INFO |   Model saved to: models/model_attention_run3_2026-03-23_14-38-54.pt
2026-03-23 14:44:09,286 | INFO |   Checkpoint saved (val loss improved to 1.5454)
2026-03-23 14:44:09,574 | INFO |   Epoch 17/30 | Train Loss: 1.4700 | Val Loss: 1.5046
2026-03-23 14:44:09,581 | INFO |   Model saved to: models/model_attention_run3_2026-03-23_14-38-54.pt
2026-03-23 14:44:09,581 | INFO |   Checkpoint saved (val loss improved to 1.5046)
2026-03-23 14:44:09,868 | INFO |   Epoch 18/30 | Train Loss: 1.4401 | Val Loss: 1.4684
2026-03-23 14:44:09,875 | INFO |   Model saved to: models/model_attention_run3_2026-03-23_14-38-54.pt
2026-03-23 14:44:09,875 | INFO |   Checkpoint saved (val loss improved to 1.4684)
2026-03-23 14:44:10,169 | INFO |   Epoch 19/30 | Train Loss: 1.4064 | Val Loss: 1.4617
2026-03-23 14:44:10,175 | INFO |   Model saved to: models/model_attention_run3_2026-03-23_14-38-54.pt
2026-03-23 14:44:10,175 | INFO |   Checkpoint saved (val loss improved to 1.4617)
2026-03-23 14:44:10,457 | INFO |   Epoch 20/30 | Train Loss: 1.3806 | Val Loss: 1.4137
2026-03-23 14:44:10,464 | INFO |   Model saved to: models/model_attention_run3_2026-03-23_14-38-54.pt
2026-03-23 14:44:10,464 | INFO |   Checkpoint saved (val loss improved to 1.4137)
2026-03-23 14:44:10,774 | INFO |   Epoch 21/30 | Train Loss: 1.3434 | Val Loss: 1.3908
2026-03-23 14:44:10,781 | INFO |   Model saved to: models/model_attention_run3_2026-03-23_14-38-54.pt
2026-03-23 14:44:10,781 | INFO |   Checkpoint saved (val loss improved to 1.3908)
2026-03-23 14:44:11,083 | INFO |   Epoch 22/30 | Train Loss: 1.3184 | Val Loss: 1.3762
2026-03-23 14:44:11,089 | INFO |   Model saved to: models/model_attention_run3_2026-03-23_14-38-54.pt
2026-03-23 14:44:11,090 | INFO |   Checkpoint saved (val loss improved to 1.3762)
2026-03-23 14:44:11,392 | INFO |   Epoch 23/30 | Train Loss: 1.2818 | Val Loss: 1.3524
2026-03-23 14:44:11,400 | INFO |   Model saved to: models/model_attention_run3_2026-03-23_14-38-54.pt
2026-03-23 14:44:11,400 | INFO |   Checkpoint saved (val loss improved to 1.3524)
2026-03-23 14:44:11,699 | INFO |   Epoch 24/30 | Train Loss: 1.2634 | Val Loss: 1.3255
2026-03-23 14:44:11,707 | INFO |   Model saved to: models/model_attention_run3_2026-03-23_14-38-54.pt
2026-03-23 14:44:11,707 | INFO |   Checkpoint saved (val loss improved to 1.3255)
2026-03-23 14:44:12,008 | INFO |   Epoch 25/30 | Train Loss: 1.2257 | Val Loss: 1.3072
2026-03-23 14:44:12,015 | INFO |   Model saved to: models/model_attention_run3_2026-03-23_14-38-54.pt
2026-03-23 14:44:12,015 | INFO |   Checkpoint saved (val loss improved to 1.3072)
2026-03-23 14:44:12,324 | INFO |   Epoch 26/30 | Train Loss: 1.2067 | Val Loss: 1.2831
2026-03-23 14:44:12,331 | INFO |   Model saved to: models/model_attention_run3_2026-03-23_14-38-54.pt
2026-03-23 14:44:12,332 | INFO |   Checkpoint saved (val loss improved to 1.2831)
2026-03-23 14:44:12,630 | INFO |   Epoch 27/30 | Train Loss: 1.1795 | Val Loss: 1.2523
2026-03-23 14:44:12,637 | INFO |   Model saved to: models/model_attention_run3_2026-03-23_14-38-54.pt
2026-03-23 14:44:12,638 | INFO |   Checkpoint saved (val loss improved to 1.2523)
2026-03-23 14:44:12,938 | INFO |   Epoch 28/30 | Train Loss: 1.1611 | Val Loss: 1.2425
2026-03-23 14:44:12,945 | INFO |   Model saved to: models/model_attention_run3_2026-03-23_14-38-54.pt
2026-03-23 14:44:12,946 | INFO |   Checkpoint saved (val loss improved to 1.2425)
2026-03-23 14:44:13,242 | INFO |   Epoch 29/30 | Train Loss: 1.1379 | Val Loss: 1.2216
2026-03-23 14:44:13,249 | INFO |   Model saved to: models/model_attention_run3_2026-03-23_14-38-54.pt
2026-03-23 14:44:13,250 | INFO |   Checkpoint saved (val loss improved to 1.2216)
2026-03-23 14:44:13,565 | INFO |   Epoch 30/30 | Train Loss: 1.1200 | Val Loss: 1.2099
2026-03-23 14:44:13,572 | INFO |   Model saved to: models/model_attention_run3_2026-03-23_14-38-54.pt
2026-03-23 14:44:13,572 | INFO |   Checkpoint saved (val loss improved to 1.2099)
2026-03-23 14:44:13,572 | INFO |   Training complete — best val loss: 1.2099
2026-03-23 14:44:13,573 | INFO |   Run 3 done — final loss: 1.2099 | lr=0.002, hidden=128, layers=2, dropout=0.2, batch=128
2026-03-23 14:44:13,574 | INFO | 
  Best config for Attention RNN: lr=0.0005, hidden=256, layers=2, dropout=0.3, batch=32
2026-03-23 14:44:13,574 | INFO |   Best loss: 1.1026
2026-03-23 14:44:13,574 | INFO |   Running evaluation on best checkpoint...
2026-03-23 14:44:28,358 | INFO | Generated names: 1000
2026-03-23 14:44:28,358 | INFO | Unique names: 982
2026-03-23 14:44:28,358 | INFO | Novelty Rate: 1.0000
2026-03-23 14:44:28,358 | INFO | Diversity: 0.9820
2026-03-23 14:44:28,359 | INFO | Sample generated names:
2026-03-23 14:44:28,359 | INFO | nitulabhveshabhani
2026-03-23 14:44:28,359 | INFO | andeshitabhibhibh
2026-03-23 14:44:28,359 | INFO | shanjeshabhibhrabh
2026-03-23 14:44:28,359 | INFO | nitubhabhit
2026-03-23 14:44:28,360 | INFO | prkshandeshit
2026-03-23 14:44:28,360 | INFO | shaveshitetesh
2026-03-23 14:44:28,360 | INFO | ranwshashibhalanit
2026-03-23 14:44:28,360 | INFO | nibhanatwaniteshit
2026-03-23 14:44:28,360 | INFO | shdhikatwaneshibhi
2026-03-23 14:44:28,360 | INFO | prang
2026-03-23 14:44:28,361 | INFO | 
--------------------------------------

2026-03-23 14:44:28,361 | INFO |   Evaluation results for Attention RNN (best config):
2026-03-23 14:44:28,361 | INFO |     (1.0, 0.982)
2026-03-23 14:44:28,361 | INFO | 
--------------------------------------

2026-03-23 14:44:28,361 | INFO | HYPERPARAMETER TUNING COMPLETE — SUMMARY
2026-03-23 14:44:28,361 | INFO | ==================================================
2026-03-23 14:44:28,362 | INFO | 
Vanilla RNN
2026-03-23 14:44:28,362 | INFO |   Best loss    : 1.0667
2026-03-23 14:44:28,362 | INFO |   Best config  : lr=0.0005, hidden=256, layers=2, dropout=0.3, batch=32
2026-03-23 14:44:28,362 | INFO | 
BiLSTM
2026-03-23 14:44:28,362 | INFO |   Best loss    : 0.0016
2026-03-23 14:44:28,362 | INFO |   Best config  : lr=0.0005, hidden=256, layers=2, dropout=0.3, batch=32
2026-03-23 14:44:28,363 | INFO | 
Attention RNN
2026-03-23 14:44:28,363 | INFO |   Best loss    : 1.1026
2026-03-23 14:44:28,363 | INFO |   Best config  : lr=0.0005, hidden=256, layers=2, dropout=0.3, batch=32
2026-03-23 14:44:28,363 | INFO | 
All models trained and evaluated successfully
